#
# There is insufficient memory for the Java Runtime Environment to continue.
# Native memory allocation (mmap) failed to map 65536 bytes for Failed to commit metaspace.
# Possible reasons:
#   The system is out of physical RAM or swap space
#   The process is running with CompressedOops enabled, and the Java Heap may be blocking the growth of the native heap
# Possible solutions:
#   Reduce memory load on the system
#   Increase physical memory or swap space
#   Check if swap backing store is full
#   Decrease Java heap size (-Xmx/-Xms)
#   Decrease number of Java threads
#   Decrease Java thread stack sizes (-Xss)
#   Set larger code cache with -XX:ReservedCodeCacheSize=
#   JVM is running with Unscaled Compressed Oops mode in which the Java heap is
#     placed in the first 4GB address space. The Java Heap base address is the
#     maximum limit for the native heap growth. Please use -XX:HeapBaseMinAddress
#     to set the Java Heap base and to place the Java Heap above 4GB virtual address.
# This output file may be truncated or incomplete.
#
#  Out of Memory Error (virtualSpaceNode.cpp:112), pid=23756, tid=19436
#
# JRE version: Java(TM) SE Runtime Environment (21.0.2+13) (build 21.0.2+13-LTS-58)
# Java VM: Java HotSpot(TM) 64-Bit Server VM (21.0.2+13-LTS-58, mixed mode, tiered, compressed oops, compressed class ptrs, g1 gc, windows-amd64)
# No core dump will be written. Minidumps are not enabled by default on client versions of Windows
#

---------------  S U M M A R Y ------------

Command Line: -Dapplication.home=C:\Program Files\Java\jdk-21 --add-modules=ALL-DEFAULT -Xms8m -Djdk.module.main=jdk.compiler jdk.compiler/com.sun.tools.javac.Main Player.java

Host: Intel(R) Core(TM) i5-8250U CPU @ 1.60GHz, 8 cores, 7G,  Windows 11 , 64 bit Build 22621 (10.0.22621.3374)
Time: Sat Apr 27 19:19:06 2024 SE Asia Standard Time elapsed time: 2.769592 seconds (0d 0h 0m 2s)

---------------  T H R E A D  ---------------

Current thread (0x0000017edc2239c0):  JavaThread "main"             [_thread_in_vm, id=19436, stack(0x00000006d9700000,0x00000006d9800000) (1024K)]

Stack: [0x00000006d9700000,0x00000006d9800000]
Native frames: (J=compiled Java code, j=interpreted, Vv=VM code, C=native code)
V  [jvm.dll+0x6cade9]
V  [jvm.dll+0x8569c1]
V  [jvm.dll+0x858d2e]
V  [jvm.dll+0x859413]
V  [jvm.dll+0x280e56]
V  [jvm.dll+0x8526ee]
V  [jvm.dll+0x66e705]
V  [jvm.dll+0x1e68cc]
V  [jvm.dll+0x1e669e]
V  [jvm.dll+0x67104c]
V  [jvm.dll+0x670e62]
V  [jvm.dll+0x66f0de]
V  [jvm.dll+0x679347]
V  [jvm.dll+0x217b73]
V  [jvm.dll+0x2180b5]
V  [jvm.dll+0x218ad1]
V  [jvm.dll+0x20dd9e]
V  [jvm.dll+0x5ad3dc]
V  [jvm.dll+0x7cf5e6]
V  [jvm.dll+0x470270]
V  [jvm.dll+0x475ef8]
C  [java.dll+0x1959]

Java frames: (J=compiled Java code, j=interpreted, Vv=VM code)
J 497  java.lang.ClassLoader.defineClass2(Ljava/lang/ClassLoader;Ljava/lang/String;Ljava/nio/ByteBuffer;IILjava/security/ProtectionDomain;Ljava/lang/String;)Ljava/lang/Class; java.base@21.0.2 (0 bytes) @ 0x0000017eee339409 [0x0000017eee339340+0x00000000000000c9]
J 499 c1 java.lang.ClassLoader.defineClass(Ljava/lang/String;Ljava/nio/ByteBuffer;Ljava/security/ProtectionDomain;)Ljava/lang/Class; java.base@21.0.2 (108 bytes) @ 0x0000017ee68eda14 [0x0000017ee68ed2a0+0x0000000000000774]
J 476 c1 java.security.SecureClassLoader.defineClass(Ljava/lang/String;Ljava/nio/ByteBuffer;Ljava/security/CodeSource;)Ljava/lang/Class; java.base@21.0.2 (12 bytes) @ 0x0000017ee68dfe0c [0x0000017ee68dfd40+0x00000000000000cc]
J 434 c1 jdk.internal.loader.BuiltinClassLoader.defineClass(Ljava/lang/String;Ljdk/internal/loader/BuiltinClassLoader$LoadedModule;)Ljava/lang/Class; java.base@21.0.2 (162 bytes) @ 0x0000017ee68cb7ac [0x0000017ee68ca220+0x000000000000158c]
J 308 c1 jdk.internal.loader.BuiltinClassLoader.loadClassOrNull(Ljava/lang/String;Z)Ljava/lang/Class; java.base@21.0.2 (143 bytes) @ 0x0000017ee689b4ac [0x0000017ee689af60+0x000000000000054c]
J 339 c1 jdk.internal.loader.ClassLoaders$AppClassLoader.loadClass(Ljava/lang/String;Z)Ljava/lang/Class; java.base@21.0.2 (40 bytes) @ 0x0000017ee68a5a3c [0x0000017ee68a5860+0x00000000000001dc]
J 320 c1 java.lang.ClassLoader.loadClass(Ljava/lang/String;)Ljava/lang/Class; java.base@21.0.2 (7 bytes) @ 0x0000017ee689fe44 [0x0000017ee689fd40+0x0000000000000104]
v  ~StubRoutines::call_stub 0x0000017eedd7100d
j  com.sun.tools.javac.comp.Analyzer.<init>(Lcom/sun/tools/javac/util/Context;)V+44 jdk.compiler@21.0.2
j  com.sun.tools.javac.comp.Analyzer.instance(Lcom/sun/tools/javac/util/Context;)Lcom/sun/tools/javac/comp/Analyzer;+20 jdk.compiler@21.0.2
j  com.sun.tools.javac.comp.Attr.<init>(Lcom/sun/tools/javac/util/Context;)V+169 jdk.compiler@21.0.2
j  com.sun.tools.javac.comp.Attr.instance(Lcom/sun/tools/javac/util/Context;)Lcom/sun/tools/javac/comp/Attr;+20 jdk.compiler@21.0.2
j  com.sun.tools.javac.comp.Annotate.<init>(Lcom/sun/tools/javac/util/Context;)V+80 jdk.compiler@21.0.2
j  com.sun.tools.javac.comp.Annotate.instance(Lcom/sun/tools/javac/util/Context;)Lcom/sun/tools/javac/comp/Annotate;+20 jdk.compiler@21.0.2
j  com.sun.tools.javac.jvm.ClassReader.<init>(Lcom/sun/tools/javac/util/Context;)V+152 jdk.compiler@21.0.2
j  com.sun.tools.javac.jvm.ClassReader.instance(Lcom/sun/tools/javac/util/Context;)Lcom/sun/tools/javac/jvm/ClassReader;+20 jdk.compiler@21.0.2
j  com.sun.tools.javac.code.ClassFinder.<init>(Lcom/sun/tools/javac/util/Context;)V+46 jdk.compiler@21.0.2
j  com.sun.tools.javac.code.ClassFinder.instance(Lcom/sun/tools/javac/util/Context;)Lcom/sun/tools/javac/code/ClassFinder;+20 jdk.compiler@21.0.2
j  com.sun.tools.javac.main.JavaCompiler.<init>(Lcom/sun/tools/javac/util/Context;)V+130 jdk.compiler@21.0.2
j  com.sun.tools.javac.main.JavaCompiler.instance(Lcom/sun/tools/javac/util/Context;)Lcom/sun/tools/javac/main/JavaCompiler;+20 jdk.compiler@21.0.2
j  com.sun.tools.javac.processing.JavacProcessingEnvironment.<init>(Lcom/sun/tools/javac/util/Context;)V+125 jdk.compiler@21.0.2
j  com.sun.tools.javac.processing.JavacProcessingEnvironment.instance(Lcom/sun/tools/javac/util/Context;)Lcom/sun/tools/javac/processing/JavacProcessingEnvironment;+19 jdk.compiler@21.0.2
j  com.sun.tools.javac.api.BasicJavacTask.initPlugins(Ljava/util/Set;)V+148 jdk.compiler@21.0.2
j  com.sun.tools.javac.main.Main.compile([Ljava/lang/String;Lcom/sun/tools/javac/util/Context;)Lcom/sun/tools/javac/main/Main$Result;+475 jdk.compiler@21.0.2
j  com.sun.tools.javac.main.Main.compile([Ljava/lang/String;)Lcom/sun/tools/javac/main/Main$Result;+15 jdk.compiler@21.0.2
j  com.sun.tools.javac.Main.compile([Ljava/lang/String;)I+12 jdk.compiler@21.0.2
j  com.sun.tools.javac.Main.main([Ljava/lang/String;)V+1 jdk.compiler@21.0.2
v  ~StubRoutines::call_stub 0x0000017eedd7100d

Compiled method (n/a)    2895  497     n 0       java.lang.ClassLoader::defineClass2 (native)
 total in heap  [0x0000017eee339190,0x0000017eee3397e8] = 1624
 relocation     [0x0000017eee3392f0,0x0000017eee339328] = 56
 main code      [0x0000017eee339340,0x0000017eee3397e7] = 1191
 stub code      [0x0000017eee3397e7,0x0000017eee3397e8] = 1

[Constant Pool (empty)]

[MachCode]
[Entry Point]
  # {method} {0x0000017e81027360} 'defineClass2' '(Ljava/lang/ClassLoader;Ljava/lang/String;Ljava/nio/ByteBuffer;IILjava/security/ProtectionDomain;Ljava/lang/String;)Ljava/lang/Class;' in 'java/lang/ClassLoader'
  # parm0:    rdx:rdx   = 'java/lang/ClassLoader'
  # parm1:    r8:r8     = 'java/lang/String'
  # parm2:    r9:r9     = 'java/nio/ByteBuffer'
  # parm3:    rdi       = int
  # parm4:    rsi       = int
  # parm5:    rcx:rcx   = 'java/security/ProtectionDomain'
  # parm6:    [sp+0xa0]   = 'java/lang/String'  (sp of caller)
  0x0000017eee339340: 448b 5208 | 49c1 e203 | 493b c20f | 8407 0000 

  0x0000017eee339350: ;   {runtime_call ic_miss_stub}
  0x0000017eee339350: 00e9 2a54 | a8ff 6690 
[Verified Entry Point]
  0x0000017eee339358: 8984 2400 | 80ff ff55 | 488b ec48 | 81ec 9000 | 0000 6690 | 4181 7f20 | 0100 0000 

  0x0000017eee339374: ;   {runtime_call StubRoutines (final stubs)}
  0x0000017eee339374: 7405 e8a5 | b9a6 ff48 | 837d 1000 | 488d 4510 | 480f 4445 | 1048 8944 | 2440 4889 | 4c24 7048 
  0x0000017eee339394: 83f9 0048 | 8d44 2470 | 480f 4444 | 2470 4889 | 4424 3848 | 8974 2430 | 4889 7c24 | 284c 894c 
  0x0000017eee3393b4: 2458 4983 | f900 488d | 4424 5848 | 0f44 4424 | 5848 8944 | 2420 4c89 | 4424 5049 | 83f8 004c 
  0x0000017eee3393d4: 8d4c 2450 | 4c0f 444c | 2450 4889 | 5424 4848 | 83fa 004c | 8d44 2448 | 4c0f 4444 

  0x0000017eee3393f0: ;   {oop(a 'java/lang/Class'{0x0000000081a96840} = 'java/lang/ClassLoader')}
  0x0000017eee3393f0: 2448 49be | 4068 a981 | 0000 0000 | 4c89 7424 | 784c 8d74 | 2478 498b | d6c5 f877 

  0x0000017eee33940c: ;   {internal_word}
  0x0000017eee33940c: 49ba 0994 | 33ee 7e01 | 0000 4d89 | 97a0 0300 | 0049 89a7 | 9803 0000 

  0x0000017eee339424: ;   {external_word}
  0x0000017eee339424: 49ba f945 | 66b5 f97f | 0000 4180 | 3a00 0f84 | 4e00 0000 | 5241 5041 

  0x0000017eee33943c: ;   {metadata({method} {0x0000017e81027360} 'defineClass2' '(Ljava/lang/ClassLoader;Ljava/lang/String;Ljava/nio/ByteBuffer;IILjava/security/ProtectionDomain;Ljava/lang/String;)Ljava/lang/Class;' in 'java/lang/ClassLoader')}
  0x0000017eee33943c: 5148 ba58 | 7302 817e | 0100 0049 | 8bcf 4883 | ec20 40f6 | c40f 0f84 | 1900 0000 | 4883 ec08 
  0x0000017eee33945c: ;   {runtime_call}
  0x0000017eee33945c: 48b8 4009 | 17b5 f97f | 0000 ffd0 | 4883 c408 | e90c 0000 

  0x0000017eee339470: ;   {runtime_call}
  0x0000017eee339470: 0048 b840 | 0917 b5f9 | 7f00 00ff | d048 83c4 | 2041 5941 | 585a 498d | 8fb8 0300 | 0041 c787 
  0x0000017eee339490: 4c04 0000 | 0400 0000 

  0x0000017eee339498: ;   {runtime_call}
  0x0000017eee339498: 48b8 5c18 | 0856 fa7f | 0000 ffd0 | c5f8 7741 | c787 4c04 | 0000 0500 | 0000 f083 | 4424 c000 
  0x0000017eee3394b8: 493b af50 | 0400 000f | 870e 0000 | 0041 83bf | 4804 0000 | 000f 842b | 0000 00c5 | f877 4889 
  0x0000017eee3394d8: 45f8 498b | cf4c 8be4 | 4883 ec20 | 4883 e4f0 

  0x0000017eee3394e8: ;   {runtime_call}
  0x0000017eee3394e8: 48b8 d0c3 | e2b4 f97f | 0000 ffd0 | 498b e44d | 33e4 488b | 45f8 41c7 | 874c 0400 | 0008 0000 
  0x0000017eee339508: 0041 83bf | c804 0000 | 020f 84a3 

  0x0000017eee339514: ;   {external_word}
  0x0000017eee339514: 0200 0049 | baf9 4566 | b5f9 7f00 | 0041 803a | 000f 844c | 0000 0048 

  0x0000017eee33952c: ;   {metadata({method} {0x0000017e81027360} 'defineClass2' '(Ljava/lang/ClassLoader;Ljava/lang/String;Ljava/nio/ByteBuffer;IILjava/security/ProtectionDomain;Ljava/lang/String;)Ljava/lang/Class;' in 'java/lang/ClassLoader')}
  0x0000017eee33952c: 8945 f848 | ba58 7302 | 817e 0100 | 0049 8bcf | 4883 ec20 | 40f6 c40f | 0f84 1900 | 0000 4883 
  0x0000017eee33954c: ;   {runtime_call}
  0x0000017eee33954c: ec08 48b8 | 4009 17b5 | f97f 0000 | ffd0 4883 | c408 e90c 

  0x0000017eee339560: ;   {runtime_call}
  0x0000017eee339560: 0000 0048 | b840 0917 | b5f9 7f00 | 00ff d048 | 83c4 2048 | 8b45 f849 | c787 9803 | 0000 0000 
  0x0000017eee339580: 0000 49c7 | 87a0 0300 | 0000 0000 | 00c5 f877 | 4885 c00f | 84fe 0100 | 00a8 030f | 8508 0000 
  0x0000017eee3395a0: 0048 8b00 | e9ee 0100 | 00a8 010f | 8509 0000 | 0048 8b40 | fee9 dd01 | 0000 488b | 40ff 4180 
  0x0000017eee3395c0: 7f40 000f | 84ce 0100 | 0048 83f8 | 000f 84c4 | 0100 0049 | 8b4f 2848 | 83f9 000f | 8414 0000 
  0x0000017eee3395e0: 0048 83e9 | 0849 894f | 2849 034f | 3848 8901 | e9a2 0100 | 0048 81ec | d000 0000 | 4889 0424 
  0x0000017eee339600: 4889 4c24 | 0848 8954 | 2410 4889 | 7424 1848 | 897c 2420 | 4c89 4424 | 284c 894c | 2430 4c89 
  0x0000017eee339620: 5424 384c | 895c 2440 | c5fb 1144 | 2450 c5fb | 114c 2458 | c5fb 1154 | 2460 c5fb | 115c 2468 
  0x0000017eee339640: c5fb 1164 | 2470 c5fb | 116c 2478 | c5fb 11b4 | 2480 0000 | 00c5 fb11 | bc24 8800 | 0000 c57b 
  0x0000017eee339660: ;   {no_reloc}
  0x0000017eee339660: 1184 2490 | 0000 00c5 | 7b11 8c24 | 9800 0000 | c57b 1194 | 24a0 0000 | 00c5 7b11 | 9c24 a800 
  0x0000017eee339680: 0000 c57b | 11a4 24b0 | 0000 00c5 | 7b11 ac24 | b800 0000 | c57b 11b4 | 24c0 0000 | 00c5 7b11 
  0x0000017eee3396a0: bc24 c800 | 0000 498b | d748 8bc8 | 4883 ec20 | 40f6 c40f | 0f84 1900 | 0000 4883 

  0x0000017eee3396bc: ;   {runtime_call}
  0x0000017eee3396bc: ec08 48b8 | 9026 d6b4 | f97f 0000 | ffd0 4883 | c408 e90c 

  0x0000017eee3396d0: ;   {runtime_call}
  0x0000017eee3396d0: 0000 0048 | b890 26d6 | b4f9 7f00 | 00ff d048 | 83c4 20c5 | 7b10 bc24 | c800 0000 | c57b 10b4 
  0x0000017eee3396f0: 24c0 0000 | 00c5 7b10 | ac24 b800 | 0000 c57b | 10a4 24b0 | 0000 00c5 | 7b10 9c24 | a800 0000 
  0x0000017eee339710: c57b 1094 | 24a0 0000 | 00c5 7b10 | 8c24 9800 | 0000 c57b | 1084 2490 | 0000 00c5 | fb10 bc24 
  0x0000017eee339730: 8800 0000 | c5fb 10b4 | 2480 0000 | 00c5 fb10 | 6c24 78c5 | fb10 6424 | 70c5 fb10 | 5c24 68c5 
  0x0000017eee339750: fb10 5424 | 60c5 fb10 | 4c24 58c5 | fb10 4424 | 504c 8b5c | 2440 4c8b | 5424 384c | 8b4c 2430 
  0x0000017eee339770: 4c8b 4424 | 2848 8b7c | 2420 488b | 7424 1848 | 8b54 2410 | 488b 4c24 | 0848 8b04 | 2448 81c4 
  0x0000017eee339790: d000 0000 | c5f8 7749 | 8b8f 2804 | 0000 c781 | 0001 0000 | 0000 0000 | c949 837f | 0800 0f85 
  0x0000017eee3397b0: 0100 0000 

  0x0000017eee3397b4: ;   {runtime_call StubRoutines (initial stubs)}
  0x0000017eee3397b4: c3e9 4677 | a3ff c5f8 | 7748 8945 | f84c 8be4 | 4883 ec20 | 4883 e4f0 

  0x0000017eee3397cc: ;   {runtime_call}
  0x0000017eee3397cc: 48b8 7041 | 17b5 f97f | 0000 ffd0 | 498b e44d | 33e4 488b | 45f8 e930 | fdff fff4 
[/MachCode]


Compiled method (c1)    2914  499       3       java.lang.ClassLoader::defineClass (108 bytes)
 total in heap  [0x0000017ee68ecf90,0x0000017ee68ee828] = 6296
 relocation     [0x0000017ee68ed0f0,0x0000017ee68ed290] = 416
 main code      [0x0000017ee68ed2a0,0x0000017ee68ee198] = 3832
 stub code      [0x0000017ee68ee198,0x0000017ee68ee280] = 232
 metadata       [0x0000017ee68ee280,0x0000017ee68ee2e0] = 96
 scopes data    [0x0000017ee68ee2e0,0x0000017ee68ee568] = 648
 scopes pcs     [0x0000017ee68ee568,0x0000017ee68ee7d8] = 624
 dependencies   [0x0000017ee68ee7d8,0x0000017ee68ee7e8] = 16
 nul chk table  [0x0000017ee68ee7e8,0x0000017ee68ee828] = 64

[Constant Pool (empty)]

[MachCode]
[Entry Point]
  # {method} {0x0000017e81027210} 'defineClass' '(Ljava/lang/String;Ljava/nio/ByteBuffer;Ljava/security/ProtectionDomain;)Ljava/lang/Class;' in 'java/lang/ClassLoader'
  # this:     rdx:rdx   = 'java/lang/ClassLoader'
  # parm0:    r8:r8     = 'java/lang/String'
  # parm1:    r9:r9     = 'java/nio/ByteBuffer'
  # parm2:    rdi:rdi   = 'java/security/ProtectionDomain'
  #           [sp+0x100]  (sp of caller)
  0x0000017ee68ed2a0: 448b 5208 | 49c1 e203 

  0x0000017ee68ed2a8: ;   {runtime_call ic_miss_stub}
  0x0000017ee68ed2a8: 4c3b d00f | 85cf 144d | 0766 6666 | 0f1f 8400 | 0000 0000 | 6666 6690 
[Verified Entry Point]
  0x0000017ee68ed2c0: 8984 2400 | 80ff ff55 | 4881 ecf0 | 0000 0090 | 4181 7f20 | 0100 0000 

  0x0000017ee68ed2d8: ;   {runtime_call StubRoutines (final stubs)}
  0x0000017ee68ed2d8: 7405 e841 | 7a4b 0748 | 8994 2480 | 0000 004c | 8984 2488 | 0000 004c | 894c 2478 | 4889 bc24 
  0x0000017ee68ed2f8: 9000 0000 

  0x0000017ee68ed2fc: ;   {metadata(method data for {method} {0x0000017e81027210} 'defineClass' '(Ljava/lang/String;Ljava/nio/ByteBuffer;Ljava/security/ProtectionDomain;)Ljava/lang/Class;' in 'java/lang/ClassLoader')}
  0x0000017ee68ed2fc: 48be f8c5 | 7e81 7e01 | 0000 8b9e | cc00 0000 | 83c3 0289 | 9ecc 0000 | 0081 e3fe | 0700 0085 
  0x0000017ee68ed31c: db0f 8416 | 0c00 0049 | 3b01 498b 

  0x0000017ee68ed328: ;   {metadata(method data for {method} {0x0000017e81027210} 'defineClass' '(Ljava/lang/String;Ljava/nio/ByteBuffer;Ljava/security/ProtectionDomain;)Ljava/lang/Class;' in 'java/lang/ClassLoader')}
  0x0000017ee68ed328: f148 bbf8 | c57e 817e | 0100 0048 | 8383 1001 

  0x0000017ee68ed338: ;   {metadata(method data for {method} {0x0000017e811361a8} 'remaining' '()I' in 'java/nio/Buffer')}
  0x0000017ee68ed338: 0000 0148 | bec0 037f | 817e 0100 | 008b 9ecc | 0000 0083 | c302 899e | cc00 0000 | 81e3 feff 
  0x0000017ee68ed358: 1f00 85db | 0f84 fd0b | 0000 418b | 711c 418b | 5918 2bf3 

  0x0000017ee68ed36c: ;   {metadata(method data for {method} {0x0000017e811361a8} 'remaining' '()I' in 'java/nio/Buffer')}
  0x0000017ee68ed36c: 85f6 48bb | c003 7f81 | 7e01 0000 | 48b8 1001 | 0000 0000 | 0000 7e0a | 48b8 2001 | 0000 0000 
  0x0000017ee68ed38c: 0000 488b | 0c03 488d | 4901 4889 | 0c03 0f8e | 1500 0000 

  0x0000017ee68ed3a0: ;   {metadata(method data for {method} {0x0000017e811361a8} 'remaining' '()I' in 'java/nio/Buffer')}
  0x0000017ee68ed3a0: 48bb c003 | 7f81 7e01 | 0000 ff83 | 3001 0000 | e905 0000 | 00be 0000 | 0000 89b4 | 2498 0000 
  0x0000017ee68ed3c0: 0049 8bd9 

  0x0000017ee68ed3c4: ;   {metadata(method data for {method} {0x0000017e81027210} 'defineClass' '(Ljava/lang/String;Ljava/nio/ByteBuffer;Ljava/security/ProtectionDomain;)Ljava/lang/Class;' in 'java/lang/ClassLoader')}
  0x0000017ee68ed3c4: 48b8 f8c5 | 7e81 7e01 | 0000 8b5b | 0848 c1e3 | 0348 3b98 | 5801 0000 | 750d 4883 | 8060 0100 
  0x0000017ee68ed3e4: 0001 e960 | 0000 0048 | 3b98 6801 | 0000 750d | 4883 8070 | 0100 0001 | e94a 0000 | 0048 83b8 
  0x0000017ee68ed404: 5801 0000 | 0075 1748 | 8998 5801 | 0000 48c7 | 8060 0100 | 0001 0000 | 00e9 2900 | 0000 4883 
  0x0000017ee68ed424: b868 0100 | 0000 7517 | 4889 9868 | 0100 0048 | c780 7001 | 0000 0100 | 0000 e908 | 0000 0048 
  0x0000017ee68ed444: 8380 4801 | 0000 0149 | 8bd1 0f1f | 8000 0000 | 0048 b850 | 5d00 0001 

  0x0000017ee68ed45c: ;   {virtual_call}
  0x0000017ee68ed45c: 0000 00e8 

  0x0000017ee68ed460: ; ImmutableOopMap {[120]=Oop [128]=Oop [136]=Oop [144]=Oop }
                      ;*invokevirtual isDirect {reexecute=0 rethrow=0 return_oop=0}
                      ; - java.lang.ClassLoader::defineClass@7 (line 1103)
  0x0000017ee68ed460: 3cab a307 

  0x0000017ee68ed464: ;   {other}
  0x0000017ee68ed464: 0f1f 8400 | d404 0000 

  0x0000017ee68ed46c: ;   {metadata(method data for {method} {0x0000017e81027210} 'defineClass' '(Ljava/lang/String;Ljava/nio/ByteBuffer;Ljava/security/ProtectionDomain;)Ljava/lang/Class;' in 'java/lang/ClassLoader')}
  0x0000017ee68ed46c: 85c0 49b8 | f8c5 7e81 | 7e01 0000 | 49b9 8001 | 0000 0000 | 0000 750a | 49b9 9001 | 0000 0000 
  0x0000017ee68ed48c: 0000 4b8b | 1408 488d | 5201 4b89 | 1408 0f85 | 9102 0000 | 4c8b 4c24 | 784d 8bc1 

  0x0000017ee68ed4a8: ;   {metadata(method data for {method} {0x0000017e81027210} 'defineClass' '(Ljava/lang/String;Ljava/nio/ByteBuffer;Ljava/security/ProtectionDomain;)Ljava/lang/Class;' in 'java/lang/ClassLoader')}
  0x0000017ee68ed4a8: 48ba f8c5 | 7e81 7e01 | 0000 4883 | 82a0 0100 

  0x0000017ee68ed4b8: ;   {metadata(method data for {method} {0x0000017e81260d98} 'hasArray' '()Z' in 'java/nio/ByteBuffer')}
  0x0000017ee68ed4b8: 0001 49b8 | 101e 7f81 | 7e01 0000 | 418b 90cc | 0000 0083 | c202 4189 | 90cc 0000 | 0081 e2fe 
  0x0000017ee68ed4d8: ff1f 0085 | d20f 849d | 0a00 0041 | 8b71 3048 | 89b4 24c0 | 0000 0048 

  0x0000017ee68ed4f0: ;   {metadata(method data for {method} {0x0000017e81260d98} 'hasArray' '()Z' in 'java/nio/ByteBuffer')}
  0x0000017ee68ed4f0: 85f6 49b8 | 101e 7f81 | 7e01 0000 | 48ba 1001 | 0000 0000 | 0000 740a | 48ba 2001 | 0000 0000 
  0x0000017ee68ed510: 0000 498b | 3c10 488d | 7f01 4989 | 3c10 0f84 | 3a00 0000 | 450f be41 | 2c45 85c0 

  0x0000017ee68ed52c: ;   {metadata(method data for {method} {0x0000017e81260d98} 'hasArray' '()Z' in 'java/nio/ByteBuffer')}
  0x0000017ee68ed52c: 49b8 101e | 7f81 7e01 | 0000 48ba | 4001 0000 | 0000 0000 | 740a 48ba | 3001 0000 | 0000 0000 
  0x0000017ee68ed54c: 498b 3c10 | 488d 7f01 | 4989 3c10 | 0f84 0b00 | 0000 41b8 | 0000 0000 | e917 0000 

  0x0000017ee68ed568: ;   {metadata(method data for {method} {0x0000017e81260d98} 'hasArray' '()Z' in 'java/nio/ByteBuffer')}
  0x0000017ee68ed568: 0049 b810 | 1e7f 817e | 0100 0041 | ff80 5001 | 0000 41b8 | 0100 0000 | 4183 e001 

  0x0000017ee68ed584: ;   {metadata(method data for {method} {0x0000017e81027210} 'defineClass' '(Ljava/lang/String;Ljava/nio/ByteBuffer;Ljava/security/ProtectionDomain;)Ljava/lang/Class;' in 'java/lang/ClassLoader')}
  0x0000017ee68ed584: 4585 c049 | b8f8 c57e | 817e 0100 | 0048 bad8 | 0100 0000 | 0000 0074 | 0a48 bae8 | 0100 0000 
  0x0000017ee68ed5a4: 0000 0049 | 8b3c 1048 | 8d7f 0149 | 893c 100f | 8439 0500 | 004d 8bc1 

  0x0000017ee68ed5bc: ;   {metadata(method data for {method} {0x0000017e81027210} 'defineClass' '(Ljava/lang/String;Ljava/nio/ByteBuffer;Ljava/security/ProtectionDomain;)Ljava/lang/Class;' in 'java/lang/ClassLoader')}
  0x0000017ee68ed5bc: 48ba f8c5 | 7e81 7e01 | 0000 4883 | 82f8 0100 

  0x0000017ee68ed5cc: ;   {metadata(method data for {method} {0x0000017e81260e78} 'array' '()[B' in 'java/nio/ByteBuffer')}
  0x0000017ee68ed5cc: 0001 49b8 | b81f 7f81 | 7e01 0000 | 418b 90cc | 0000 0083 | c202 4189 | 90cc 0000 | 0081 e2fe 
  0x0000017ee68ed5ec: ff1f 0085 | d20f 84aa | 0900 0048 

  0x0000017ee68ed5f8: ;   {metadata(method data for {method} {0x0000017e81260e78} 'array' '()[B' in 'java/nio/ByteBuffer')}
  0x0000017ee68ed5f8: 85f6 49b8 | b81f 7f81 | 7e01 0000 | 48ba 2001 | 0000 0000 | 0000 740a | 48ba 1001 | 0000 0000 
  0x0000017ee68ed618: 0000 498b | 3c10 488d | 7f01 4989 | 3c10 0f84 | 6d08 0000 | 450f be41 | 2c45 85c0 

  0x0000017ee68ed634: ;   {metadata(method data for {method} {0x0000017e81260e78} 'array' '()[B' in 'java/nio/ByteBuffer')}
  0x0000017ee68ed634: 48ba b81f | 7f81 7e01 | 0000 48bf | 5001 0000 | 0000 0000 | 750a 48bf | 4001 0000 | 0000 0000 
  0x0000017ee68ed654: 488b 1c3a | 488d 5b01 | 4889 1c3a | 0f85 e307 | 0000 498b 

  0x0000017ee68ed668: ;   {metadata(method data for {method} {0x0000017e81027210} 'defineClass' '(Ljava/lang/String;Ljava/nio/ByteBuffer;Ljava/security/ProtectionDomain;)Ljava/lang/Class;' in 'java/lang/ClassLoader')}
  0x0000017ee68ed668: d148 bff8 | c57e 817e | 0100 0048 | 8387 3002 | 0000 0141 | 8b79 1889 | bc24 9c00 | 0000 498b 
  0x0000017ee68ed688: ;   {metadata(method data for {method} {0x0000017e81027210} 'defineClass' '(Ljava/lang/String;Ljava/nio/ByteBuffer;Ljava/security/ProtectionDomain;)Ljava/lang/Class;' in 'java/lang/ClassLoader')}
  0x0000017ee68ed688: d148 bbf8 | c57e 817e | 0100 0048 | 8383 6802 

  0x0000017ee68ed698: ;   {metadata(method data for {method} {0x0000017e81260f58} 'arrayOffset' '()I' in 'java/nio/ByteBuffer')}
  0x0000017ee68ed698: 0000 0148 | ba68 217f | 817e 0100 | 008b 9acc | 0000 0083 | c302 899a | cc00 0000 | 81e3 feff 
  0x0000017ee68ed6b8: 1f00 85db | 0f84 0009 | 0000 4885 

  0x0000017ee68ed6c4: ;   {metadata(method data for {method} {0x0000017e81260f58} 'arrayOffset' '()I' in 'java/nio/ByteBuffer')}
  0x0000017ee68ed6c4: f648 ba68 | 217f 817e | 0100 0048 | bb20 0100 | 0000 0000 | 0074 0a48 | bb10 0100 | 0000 0000 
  0x0000017ee68ed6e4: 0048 8b04 | 1a48 8d40 | 0148 8904 | 1a0f 84b2 | 0600 0045 

  0x0000017ee68ed6f8: ;   {metadata(method data for {method} {0x0000017e81260f58} 'arrayOffset' '()I' in 'java/nio/ByteBuffer')}
  0x0000017ee68ed6f8: 85c0 49b8 | 6821 7f81 | 7e01 0000 | 48ba 4001 | 0000 0000 | 0000 740a | 48ba 5001 | 0000 0000 
  0x0000017ee68ed718: 0000 498b | 1c10 488d | 5b01 4989 | 1c10 0f84 | 5603 0000 | e929 0600 | 0048 8b94 | 2480 0000 
  0x0000017ee68ed738: ;   {metadata(method data for {method} {0x0000017e81027210} 'defineClass' '(Ljava/lang/String;Ljava/nio/ByteBuffer;Ljava/security/ProtectionDomain;)Ljava/lang/Class;' in 'java/lang/ClassLoader')}
  0x0000017ee68ed738: 0049 b8f8 | c57e 817e | 0100 0049 | 8380 4803 | 0000 014c | 8b84 2488 | 0000 004c | 8b8c 2490 
  0x0000017ee68ed758: 0000 0048 | 8b94 2480 | 0000 000f 

  0x0000017ee68ed764: ;   {optimized virtual_call}
  0x0000017ee68ed764: 1f40 00e8 

  0x0000017ee68ed768: ; ImmutableOopMap {[120]=Oop [128]=Oop [136]=Oop }
                      ;*invokevirtual preDefineClass {reexecute=0 rethrow=0 return_oop=0}
                      ; - java.lang.ClassLoader::defineClass@70 (line 1116)
  0x0000017ee68ed768: b485 ffff 

  0x0000017ee68ed76c: ;   {other}
  0x0000017ee68ed76c: 0f1f 8400 | dc07 0001 | 4889 8424 | a000 0000 | 488b 9424 | 8000 0000 

  0x0000017ee68ed784: ;   {metadata(method data for {method} {0x0000017e81027210} 'defineClass' '(Ljava/lang/String;Ljava/nio/ByteBuffer;Ljava/security/ProtectionDomain;)Ljava/lang/Class;' in 'java/lang/ClassLoader')}
  0x0000017ee68ed784: 49b8 f8c5 | 7e81 7e01 | 0000 4983 | 8080 0300 

  0x0000017ee68ed794: ;   {metadata(method data for {method} {0x0000017e81026e48} 'defineClassSourceLocation' '(Ljava/security/ProtectionDomain;)Ljava/lang/String;' in 'java/lang/ClassLoader')}
  0x0000017ee68ed794: 0001 49b8 | a00e 7f81 | 7e01 0000 | 418b 90cc | 0000 0083 | c202 4189 | 90cc 0000 | 0081 e2fe 
  0x0000017ee68ed7b4: ff1f 0085 | d20f 8424 | 0800 0048 | 3b00 4c8b 

  0x0000017ee68ed7c4: ;   {metadata(method data for {method} {0x0000017e81026e48} 'defineClassSourceLocation' '(Ljava/security/ProtectionDomain;)Ljava/lang/String;' in 'java/lang/ClassLoader')}
  0x0000017ee68ed7c4: c048 baa0 | 0e7f 817e | 0100 0048 | 8382 1001 | 0000 0144 | 8b40 104d 

  0x0000017ee68ed7dc: ;   {metadata(method data for {method} {0x0000017e81026e48} 'defineClassSourceLocation' '(Ljava/security/ProtectionDomain;)Ljava/lang/String;' in 'java/lang/ClassLoader')}
  0x0000017ee68ed7dc: 85c0 48ba | a00e 7f81 | 7e01 0000 | 48be 5801 | 0000 0000 | 0000 750a | 48be 4801 | 0000 0000 
  0x0000017ee68ed7fc: 0000 488b | 3c32 488d | 7f01 4889 | 3c32 0f85 | 0f00 0000 

  0x0000017ee68ed810: ;   {oop(nullptr)}
  0x0000017ee68ed810: 48bb 0000 | 0000 0000 | 0000 e998 | 0100 0049 | 3b00 498b 

  0x0000017ee68ed824: ;   {metadata(method data for {method} {0x0000017e81026e48} 'defineClassSourceLocation' '(Ljava/security/ProtectionDomain;)Ljava/lang/String;' in 'java/lang/ClassLoader')}
  0x0000017ee68ed824: d048 bea0 | 0e7f 817e | 0100 0048 | 8386 6801 | 0000 0141 | 8b50 0c48 

  0x0000017ee68ed83c: ;   {metadata(method data for {method} {0x0000017e81026e48} 'defineClassSourceLocation' '(Ljava/security/ProtectionDomain;)Ljava/lang/String;' in 'java/lang/ClassLoader')}
  0x0000017ee68ed83c: 85d2 48be | a00e 7f81 | 7e01 0000 | 48bf b001 | 0000 0000 | 0000 750a | 48bf a001 | 0000 0000 
  0x0000017ee68ed85c: 0000 488b | 1c3e 488d | 5b01 4889 | 1c3e 0f85 | 0f00 0000 

  0x0000017ee68ed870: ;   {oop(nullptr)}
  0x0000017ee68ed870: 48bb 0000 | 0000 0000 | 0000 e938 

  0x0000017ee68ed87c: ;   {metadata(method data for {method} {0x0000017e81026e48} 'defineClassSourceLocation' '(Ljava/security/ProtectionDomain;)Ljava/lang/String;' in 'java/lang/ClassLoader')}
  0x0000017ee68ed87c: 0100 0048 | bea0 0e7f | 817e 0100 | 0048 8386 | c001 0000 | 0148 3b02 

  0x0000017ee68ed894: ;   {metadata(method data for {method} {0x0000017e81026e48} 'defineClassSourceLocation' '(Ljava/security/ProtectionDomain;)Ljava/lang/String;' in 'java/lang/ClassLoader')}
  0x0000017ee68ed894: 4c8b c248 | bea0 0e7f | 817e 0100 | 0048 8386 | f801 0000 

  0x0000017ee68ed8a8: ;   {metadata(method data for {method} {0x0000017e81100fe0} 'toString' '()Ljava/lang/String;' in 'java/net/URL')}
  0x0000017ee68ed8a8: 0149 b818 | 117f 817e | 0100 0041 | 8bb0 cc00 | 0000 83c6 | 0241 89b0 | cc00 0000 | 81e6 feff 
  0x0000017ee68ed8c8: 1f00 85f6 | 0f84 4107 | 0000 4c8b 

  0x0000017ee68ed8d4: ;   {metadata(method data for {method} {0x0000017e81100fe0} 'toString' '()Ljava/lang/String;' in 'java/net/URL')}
  0x0000017ee68ed8d4: c248 be18 | 117f 817e | 0100 0048 | 8386 1001 

  0x0000017ee68ed8e4: ;   {metadata(method data for {method} {0x0000017e81101090} 'toExternalForm' '()Ljava/lang/String;' in 'java/net/URL')}
  0x0000017ee68ed8e4: 0000 0149 | b8a0 127f | 817e 0100 | 0041 8bb0 | cc00 0000 | 83c6 0241 | 89b0 cc00 | 0000 81e6 
  0x0000017ee68ed904: feff 1f00 | 85f6 0f84 | 2407 0000 | 8b72 3848 | 3b06 4c8b 

  0x0000017ee68ed918: ;   {metadata(method data for {method} {0x0000017e81101090} 'toExternalForm' '()Ljava/lang/String;' in 'java/net/URL')}
  0x0000017ee68ed918: c648 bfa0 | 127f 817e | 0100 0045 | 8b40 0849 | c1e0 034c | 3b87 2001 | 0000 750d | 4883 8728 
  0x0000017ee68ed938: 0100 0001 | e960 0000 | 004c 3b87 | 3001 0000 | 750d 4883 | 8738 0100 | 0001 e94a | 0000 0048 
  0x0000017ee68ed958: 83bf 2001 | 0000 0075 | 174c 8987 | 2001 0000 | 48c7 8728 | 0100 0001 | 0000 00e9 | 2900 0000 
  0x0000017ee68ed978: 4883 bf30 | 0100 0000 | 7517 4c89 | 8730 0100 | 0048 c787 | 3801 0000 | 0100 0000 | e908 0000 
  0x0000017ee68ed998: 0048 8387 | 1001 0000 | 014c 8bc2 

  0x0000017ee68ed9a4: ;   {optimized virtual_call}
  0x0000017ee68ed9a4: 488b d6e8 

  0x0000017ee68ed9a8: ; ImmutableOopMap {[120]=Oop [128]=Oop [136]=Oop [160]=Oop }
                      ;*invokevirtual toExternalForm {reexecute=0 rethrow=0 return_oop=0}
                      ; - java.net.URL::toExternalForm@5 (line 1203)
                      ; - java.net.URL::toString@1 (line 1189)
                      ; - java.lang.ClassLoader::defineClassSourceLocation@22 (line 927)
                      ; - java.lang.ClassLoader::defineClass@76 (line 1117)
  0x0000017ee68ed9a8: f4c6 ffff 

  0x0000017ee68ed9ac: ;   {other}
  0x0000017ee68ed9ac: 0f1f 8400 | 1c0a 0002 | 488b d848 | 8b84 24a0 | 0000 004c | 8b4c 2478 

  0x0000017ee68ed9c4: ;   {metadata(method data for {method} {0x0000017e81027210} 'defineClass' '(Ljava/lang/String;Ljava/nio/ByteBuffer;Ljava/security/ProtectionDomain;)Ljava/lang/Class;' in 'java/lang/ClassLoader')}
  0x0000017ee68ed9c4: 498b d149 | b8f8 c57e | 817e 0100 | 0049 8380 | b803 0000 | 0141 8b79 

  0x0000017ee68ed9dc: ;   {metadata(method data for {method} {0x0000017e81027210} 'defineClass' '(Ljava/lang/String;Ljava/nio/ByteBuffer;Ljava/security/ProtectionDomain;)Ljava/lang/Class;' in 'java/lang/ClassLoader')}
  0x0000017ee68ed9dc: 1848 baf8 | c57e 817e | 0100 0048 | 8382 f003 | 0000 0148 | 8b94 2480 | 0000 004c | 8b84 2488 
  0x0000017ee68ed9fc: 0000 008b | b424 9800 | 0000 488b | c848 891c 

  0x0000017ee68eda0c: ;   {static_call}
  0x0000017ee68eda0c: 2466 90e8 

  0x0000017ee68eda10: ; ImmutableOopMap {[128]=Oop [160]=Oop }
                      ;*invokestatic defineClass2 {reexecute=0 rethrow=0 return_oop=0}
                      ; - java.lang.ClassLoader::defineClass@93 (line 1118)
  0x0000017ee68eda10: 44b9 a407 

  0x0000017ee68eda14: ;   {other}
  0x0000017ee68eda14: 0f1f 8400 | 840a 0003 | 488b 9424 | 8000 0000 

  0x0000017ee68eda24: ;   {metadata(method data for {method} {0x0000017e81027210} 'defineClass' '(Ljava/lang/String;Ljava/nio/ByteBuffer;Ljava/security/ProtectionDomain;)Ljava/lang/Class;' in 'java/lang/ClassLoader')}
  0x0000017ee68eda24: 49b8 f8c5 | 7e81 7e01 | 0000 4983 | 8000 0400 | 0001 4c8b | c04c 8b8c | 24a0 0000 | 0048 8b94 
  0x0000017ee68eda44: 2480 0000 | 0048 8984 | 24a8 0000 | 0066 0f1f 

  0x0000017ee68eda54: ;   {optimized virtual_call}
  0x0000017ee68eda54: 4400 00e8 

  0x0000017ee68eda58: ; ImmutableOopMap {[168]=Oop }
                      ;*invokevirtual postDefineClass {reexecute=0 rethrow=0 return_oop=0}
                      ; - java.lang.ClassLoader::defineClass@102 (line 1119)
  0x0000017ee68eda58: 44d2 feff 

  0x0000017ee68eda5c: ;   {other}
  0x0000017ee68eda5c: 0f1f 8400 | cc0a 0004 | 488b 8424 | a800 0000 | 4881 c4f0 | 0000 005d 

  0x0000017ee68eda74: ;   {poll_return}
  0x0000017ee68eda74: 493b a750 | 0400 000f | 87d9 0500 | 00c3 458b | 4128 488b | 9424 8000 

  0x0000017ee68eda8c: ;   {metadata(method data for {method} {0x0000017e81027210} 'defineClass' '(Ljava/lang/String;Ljava/nio/ByteBuffer;Ljava/security/ProtectionDomain;)Ljava/lang/Class;' in 'java/lang/ClassLoader')}
  0x0000017ee68eda8c: 0000 49b9 | f8c5 7e81 | 7e01 0000 | 4983 81a0 | 0200 0001 | 498b c803 | cf4c 8b84 | 2488 0000 
  0x0000017ee68edaac: 004c 8bce | 488b f98b | b424 9800 | 0000 488b | 8c24 9000 | 0000 488b | 9424 8000 | 0000 0f1f 
  0x0000017ee68edacc: ;   {optimized virtual_call}
  0x0000017ee68edacc: 4400 00e8 

  0x0000017ee68edad0: ; ImmutableOopMap {}
                      ;*invokevirtual defineClass {reexecute=0 rethrow=0 return_oop=0}
                      ; - java.lang.ClassLoader::defineClass@38 (line 1105)
  0x0000017ee68edad0: ac0f 4d07 

  0x0000017ee68edad4: ;   {other}
  0x0000017ee68edad4: 0f1f 8400 | 440b 0005 | 4881 c4f0 | 0000 005d 

  0x0000017ee68edae4: ;   {poll_return}
  0x0000017ee68edae4: 493b a750 | 0400 000f | 877f 0500 | 00c3 8b9c | 2498 0000 

  0x0000017ee68edaf8: ;   {metadata({type array byte})}
  0x0000017ee68edaf8: 0048 bab0 | 0904 0001 | 0000 0048 | 63db 488b | fb48 81fb | ffff ff00 | 0f87 7005 | 0000 48be 
  0x0000017ee68edb18: 1700 0000 | 0000 0000 | 488d 341e | 4883 e6f8 | 498b 87b8 | 0100 0048 | 8d34 3049 | 3bb7 c801 
  0x0000017ee68edb38: 0000 0f87 | 4605 0000 | 4989 b7b8 | 0100 0048 | 2bf0 48c7 | 0001 0000 | 0048 8bca | 48c1 e903 
  0x0000017ee68edb58: 8948 0889 | 580c 4883 | ee10 4885 | f60f 8411 | 0000 0048 | 33db 48c1 | ee03 4889 | 5cf0 0848 
  0x0000017ee68edb78: ffce 75f6 

  0x0000017ee68edb7c: ;   {metadata(method data for {method} {0x0000017e81027210} 'defineClass' '(Ljava/lang/String;Ljava/nio/ByteBuffer;Ljava/security/ProtectionDomain;)Ljava/lang/Class;' in 'java/lang/ClassLoader')}
  0x0000017ee68edb7c: 4d8b c148 | bff8 c57e | 817e 0100 | 0045 8b40 | 0849 c1e0 | 034c 3b87 | e802 0000 | 750d 4883 
  0x0000017ee68edb9c: 87f0 0200 | 0001 e960 | 0000 004c | 3b87 f802 | 0000 750d | 4883 8700 | 0300 0001 | e94a 0000 
  0x0000017ee68edbbc: 0048 83bf | e802 0000 | 0075 174c | 8987 e802 | 0000 48c7 | 87f0 0200 | 0001 0000 | 00e9 2900 
  0x0000017ee68edbdc: 0000 4883 | bff8 0200 | 0000 7517 | 4c89 87f8 | 0200 0048 | c787 0003 | 0000 0100 | 0000 e908 
  0x0000017ee68edbfc: 0000 0048 | 8387 d802 

  0x0000017ee68edc04: ;   {metadata(method data for {method} {0x0000017e8125feb8} 'get' '([B)Ljava/nio/ByteBuffer;' in 'java/nio/ByteBuffer')}
  0x0000017ee68edc04: 0000 0149 | b840 217e | 817e 0100 | 0041 8bb8 | cc00 0000 | 83c7 0241 | 89b8 cc00 | 0000 81e7 
  0x0000017ee68edc24: feff 1f00 | 85ff 0f84 | 6004 0000 | 8b78 0c4d 

  0x0000017ee68edc34: ;   {metadata(method data for {method} {0x0000017e8125feb8} 'get' '([B)Ljava/nio/ByteBuffer;' in 'java/nio/ByteBuffer')}
  0x0000017ee68edc34: 8bc1 48ba | 4021 7e81 | 7e01 0000 | 458b 4008 | 49c1 e003 | 4c3b 8220 | 0100 0075 | 0d48 8382 
  0x0000017ee68edc54: 2801 0000 | 01e9 6000 | 0000 4c3b | 8230 0100 | 0075 0d48 | 8382 3801 | 0000 01e9 | 4a00 0000 
  0x0000017ee68edc74: 4883 ba20 | 0100 0000 | 7517 4c89 | 8220 0100 | 0048 c782 | 2801 0000 | 0100 0000 | e929 0000 
  0x0000017ee68edc94: 0048 83ba | 3001 0000 | 0075 174c | 8982 3001 | 0000 48c7 | 8238 0100 | 0001 0000 | 00e9 0800 
  0x0000017ee68edcb4: 0000 4883 | 8210 0100 | 0001 4c8b | c049 8bf1 | 41b9 0000 | 0000 488b | d648 8984 | 24b0 0000 
  0x0000017ee68edcd4: 0048 b8ff | ffff ffff 

  0x0000017ee68edcdc: ;   {virtual_call}
  0x0000017ee68edcdc: ffff ffe8 

  0x0000017ee68edce0: ; ImmutableOopMap {[128]=Oop [136]=Oop [144]=Oop [176]=Oop }
                      ;*invokevirtual get {reexecute=0 rethrow=0 return_oop=0}
                      ; - java.nio.ByteBuffer::get@5 (line 855)
                      ; - java.lang.ClassLoader::defineClass@51 (line 1111)
  0x0000017ee68edce0: 9c10 4d07 

  0x0000017ee68edce4: ;   {other}
  0x0000017ee68edce4: 0f1f 8400 | 540d 0006 | 488b 9424 | 8000 0000 

  0x0000017ee68edcf4: ;   {metadata(method data for {method} {0x0000017e81027210} 'defineClass' '(Ljava/lang/String;Ljava/nio/ByteBuffer;Ljava/security/ProtectionDomain;)Ljava/lang/Class;' in 'java/lang/ClassLoader')}
  0x0000017ee68edcf4: 49b8 f8c5 | 7e81 7e01 | 0000 4983 | 8010 0300 | 0001 4c8b | 8424 8800 | 0000 4c8b | 8c24 b000 
  0x0000017ee68edd14: 0000 bf00 | 0000 008b | b424 9800 | 0000 488b | 8c24 9000 | 0000 488b | 9424 8000 | 0000 0f1f 
  0x0000017ee68edd34: ;   {optimized virtual_call}
  0x0000017ee68edd34: 4400 00e8 

  0x0000017ee68edd38: ; ImmutableOopMap {}
                      ;*invokevirtual defineClass {reexecute=0 rethrow=0 return_oop=0}
                      ; - java.lang.ClassLoader::defineClass@63 (line 1112)
  0x0000017ee68edd38: 440d 4d07 

  0x0000017ee68edd3c: ;   {other}
  0x0000017ee68edd3c: 0f1f 8400 | ac0d 0007 | 4881 c4f0 | 0000 005d 

  0x0000017ee68edd4c: ;   {poll_return}
  0x0000017ee68edd4c: 493b a750 | 0400 000f | 8758 0300 | 00c3 660f | 1f44 0000 

  0x0000017ee68edd60: ;   {no_reloc}
  0x0000017ee68edd60: e971 0300 | 0000 0000 | 0000 e971 | 0300 0048 

  0x0000017ee68edd70: ;   {metadata(method data for {method} {0x0000017e81260f58} 'arrayOffset' '()I' in 'java/nio/ByteBuffer')}
  0x0000017ee68edd70: 8bd0 48bb | 6821 7f81 | 7e01 0000 | 4883 8360 | 0100 0001 | 488b d048 | 8984 24b8 

  0x0000017ee68edd8c: ;   {optimized virtual_call}
  0x0000017ee68edd8c: 0000 00e8 

  0x0000017ee68edd90: ; ImmutableOopMap {[128]=Oop [136]=Oop [144]=Oop [184]=Oop [192]=Oop }
                      ;*invokespecial <init> {reexecute=0 rethrow=0 return_oop=0}
                      ; - java.nio.ByteBuffer::arrayOffset@26 (line 1535)
                      ; - java.lang.ClassLoader::defineClass@31 (line 1106)
  0x0000017ee68edd90: ec0c 4d07 

  0x0000017ee68edd94: ;   {other}
  0x0000017ee68edd94: 0f1f 8400 | 040e 0008 | 488b 8424 | b800 0000 | e9dd 0300 | 000f 1f80 | 0000 0000 

  0x0000017ee68eddb0: ;   {no_reloc}
  0x0000017ee68eddb0: e947 0300 | 0000 0000 | 0000 80ba | 2001 0000 | 050f 8544 | 0300 0049 | 8b87 b801 | 0000 488d 
  0x0000017ee68eddd0: 7828 493b | bfc8 0100 | 000f 872c | 0300 0049 | 89bf b801 | 0000 48c7 | 0001 0000 | 0048 8bca 
  0x0000017ee68eddf0: 48c1 e903 | 8948 0848 | 33c9 8948 | 0c48 33c9 | 4889 4810 | 4889 4818 | 4889 4820 

  0x0000017ee68ede0c: ;   {metadata(method data for {method} {0x0000017e81260f58} 'arrayOffset' '()I' in 'java/nio/ByteBuffer')}
  0x0000017ee68ede0c: 488b d048 | be68 217f | 817e 0100 | 0048 8386 | 3001 0000 | 0148 8bd0 | 4889 8424 | c800 0000 
  0x0000017ee68ede2c: ;   {optimized virtual_call}
  0x0000017ee68ede2c: 6666 90e8 

  0x0000017ee68ede30: ; ImmutableOopMap {[128]=Oop [136]=Oop [144]=Oop [192]=Oop [200]=Oop }
                      ;*invokespecial <init> {reexecute=0 rethrow=0 return_oop=0}
                      ; - java.nio.ByteBuffer::arrayOffset@11 (line 1533)
                      ; - java.lang.ClassLoader::defineClass@31 (line 1106)
  0x0000017ee68ede30: 4c0c 4d07 

  0x0000017ee68ede34: ;   {other}
  0x0000017ee68ede34: 0f1f 8400 | a40e 0009 | 488b 8424 | c800 0000 | e93d 0300 | 000f 1f80 | 0000 0000 

  0x0000017ee68ede50: ;   {no_reloc}
  0x0000017ee68ede50: e9d2 0200 | 0000 0000 | 0000 e9d2 | 0200 0048 

  0x0000017ee68ede60: ;   {metadata(method data for {method} {0x0000017e81260e78} 'array' '()[B' in 'java/nio/ByteBuffer')}
  0x0000017ee68ede60: 8bd0 48be | b81f 7f81 | 7e01 0000 | 4883 8660 | 0100 0001 | 488b d048 | 8984 24d0 

  0x0000017ee68ede7c: ;   {optimized virtual_call}
  0x0000017ee68ede7c: 0000 00e8 

  0x0000017ee68ede80: ; ImmutableOopMap {[120]=Oop [128]=Oop [136]=Oop [144]=Oop [208]=Oop }
                      ;*invokespecial <init> {reexecute=0 rethrow=0 return_oop=0}
                      ; - java.nio.ByteBuffer::array@26 (line 1507)
                      ; - java.lang.ClassLoader::defineClass@23 (line 1105)
  0x0000017ee68ede80: fc0b 4d07 

  0x0000017ee68ede84: ;   {other}
  0x0000017ee68ede84: 0f1f 8400 | f40e 000a | 488b 8424 | d000 0000 | e9ed 0200 | 000f 1f80 | 0000 0000 

  0x0000017ee68edea0: ;   {no_reloc}
  0x0000017ee68edea0: e9a8 0200 | 0000 0000 | 0000 80ba | 2001 0000 | 050f 85a5 | 0200 0049 | 8b87 b801 | 0000 488d 
  0x0000017ee68edec0: 7828 493b | bfc8 0100 | 000f 878d | 0200 0049 | 89bf b801 | 0000 48c7 | 0001 0000 | 0048 8bca 
  0x0000017ee68edee0: 48c1 e903 | 8948 0848 | 33c9 8948 | 0c48 33c9 | 4889 4810 | 4889 4818 | 4889 4820 

  0x0000017ee68edefc: ;   {metadata(method data for {method} {0x0000017e81260e78} 'array' '()[B' in 'java/nio/ByteBuffer')}
  0x0000017ee68edefc: 488b d048 | beb8 1f7f | 817e 0100 | 0048 8386 | 3001 0000 | 0148 8bd0 | 4889 8424 | d800 0000 
  0x0000017ee68edf1c: ;   {optimized virtual_call}
  0x0000017ee68edf1c: 6666 90e8 

  0x0000017ee68edf20: ; ImmutableOopMap {[120]=Oop [128]=Oop [136]=Oop [144]=Oop [216]=Oop }
                      ;*invokespecial <init> {reexecute=0 rethrow=0 return_oop=0}
                      ; - java.nio.ByteBuffer::array@11 (line 1505)
                      ; - java.lang.ClassLoader::defineClass@23 (line 1105)
  0x0000017ee68edf20: 5c0b 4d07 

  0x0000017ee68edf24: ;   {other}
  0x0000017ee68edf24: 0f1f 8400 | 940f 000b | 488b 8424 | d800 0000 | e94d 0200 

  0x0000017ee68edf38: ;   {metadata({method} {0x0000017e81027210} 'defineClass' '(Ljava/lang/String;Ljava/nio/ByteBuffer;Ljava/security/ProtectionDomain;)Ljava/lang/Class;' in 'java/lang/ClassLoader')}
  0x0000017ee68edf38: 0049 ba08 | 7202 817e | 0100 004c | 8954 2408 | 48c7 0424 | ffff ffff 

  0x0000017ee68edf50: ;   {runtime_call counter_overflow Runtime1 stub}
  0x0000017ee68edf50: e8ab b459 

  0x0000017ee68edf54: ; ImmutableOopMap {rdx=Oop r8=Oop r9=Oop rdi=Oop [120]=Oop [128]=Oop [136]=Oop [144]=Oop }
                      ;*synchronization entry
                      ; - java.lang.ClassLoader::defineClass@-1 (line 1100)
  0x0000017ee68edf54: 07e9 c9f3 

  0x0000017ee68edf58: ;   {runtime_call throw_null_pointer_exception Runtime1 stub}
  0x0000017ee68edf58: ffff e821 

  0x0000017ee68edf5c: ; ImmutableOopMap {rdx=Oop r8=Oop r9=Oop rdi=Oop [120]=Oop [128]=Oop [136]=Oop [144]=Oop }
                      ;*invokevirtual remaining {reexecute=0 rethrow=0 return_oop=0}
                      ; - java.lang.ClassLoader::defineClass@1 (line 1100)
                      ;   {metadata({method} {0x0000017e811361a8} 'remaining' '()I' in 'java/nio/Buffer')}
  0x0000017ee68edf5c: 5e59 0749 | baa0 6113 | 817e 0100 | 004c 8954 | 2408 48c7 | 0424 ffff 

  0x0000017ee68edf74: ;   {runtime_call counter_overflow Runtime1 stub}
  0x0000017ee68edf74: ffff e885 

  0x0000017ee68edf78: ; ImmutableOopMap {rdx=Oop r8=Oop r9=Oop rdi=Oop [120]=Oop [128]=Oop [136]=Oop [144]=Oop }
                      ;*synchronization entry
                      ; - java.nio.Buffer::remaining@-1 (line 521)
                      ; - java.lang.ClassLoader::defineClass@1 (line 1100)
  0x0000017ee68edf78: b459 07e9 | e2f3 ffff 

  0x0000017ee68edf80: ;   {metadata({method} {0x0000017e81260d98} 'hasArray' '()Z' in 'java/nio/ByteBuffer')}
  0x0000017ee68edf80: 49ba 900d | 2681 7e01 | 0000 4c89 | 5424 0848 | c704 24ff 

  0x0000017ee68edf94: ;   {runtime_call counter_overflow Runtime1 stub}
  0x0000017ee68edf94: ffff ffe8 

  0x0000017ee68edf98: ; ImmutableOopMap {r9=Oop [120]=Oop [128]=Oop [136]=Oop [144]=Oop }
                      ;*synchronization entry
                      ; - java.nio.ByteBuffer::hasArray@-1 (line 1481)
                      ; - java.lang.ClassLoader::defineClass@14 (line 1104)
  0x0000017ee68edf98: 64b4 5907 | e942 f5ff 

  0x0000017ee68edfa0: ;   {metadata({method} {0x0000017e81260e78} 'array' '()[B' in 'java/nio/ByteBuffer')}
  0x0000017ee68edfa0: ff49 ba70 | 0e26 817e | 0100 004c | 8954 2408 | 48c7 0424 | ffff ffff 

  0x0000017ee68edfb8: ;   {runtime_call counter_overflow Runtime1 stub}
  0x0000017ee68edfb8: e843 b459 

  0x0000017ee68edfbc: ; ImmutableOopMap {r9=Oop rsi=Oop [120]=Oop [128]=Oop [136]=Oop [144]=Oop [192]=Oop }
                      ;*synchronization entry
                      ; - java.nio.ByteBuffer::array@-1 (line 1504)
                      ; - java.lang.ClassLoader::defineClass@23 (line 1105)
  0x0000017ee68edfbc: 07e9 35f6 

  0x0000017ee68edfc0: ;   {metadata({method} {0x0000017e81260f58} 'arrayOffset' '()I' in 'java/nio/ByteBuffer')}
  0x0000017ee68edfc0: ffff 49ba | 500f 2681 | 7e01 0000 | 4c89 5424 | 0848 c704 | 24ff ffff 

  0x0000017ee68edfd8: ;   {runtime_call counter_overflow Runtime1 stub}
  0x0000017ee68edfd8: ffe8 22b4 

  0x0000017ee68edfdc: ; ImmutableOopMap {r9=Oop rsi=Oop [120]=Oop [128]=Oop [136]=Oop [144]=Oop [192]=Oop }
                      ;*synchronization entry
                      ; - java.nio.ByteBuffer::arrayOffset@-1 (line 1532)
                      ; - java.lang.ClassLoader::defineClass@31 (line 1106)
  0x0000017ee68edfdc: 5907 e9df 

  0x0000017ee68edfe0: ;   {metadata({method} {0x0000017e81026e48} 'defineClassSourceLocation' '(Ljava/security/ProtectionDomain;)Ljava/lang/String;' in 'java/lang/ClassLoader')}
  0x0000017ee68edfe0: f6ff ff49 | ba40 6e02 | 817e 0100 | 004c 8954 | 2408 48c7 | 0424 ffff 

  0x0000017ee68edff8: ;   {runtime_call counter_overflow Runtime1 stub}
  0x0000017ee68edff8: ffff e801 

  0x0000017ee68edffc: ; ImmutableOopMap {rax=Oop [120]=Oop [128]=Oop [136]=Oop [160]=Oop }
                      ;*synchronization entry
                      ; - java.lang.ClassLoader::defineClassSourceLocation@-1 (line 924)
                      ; - java.lang.ClassLoader::defineClass@76 (line 1117)
  0x0000017ee68edffc: b459 07e9 | bbf7 ffff 

  0x0000017ee68ee004: ;   {runtime_call throw_null_pointer_exception Runtime1 stub}
  0x0000017ee68ee004: e877 5d59 

  0x0000017ee68ee008: ; ImmutableOopMap {rax=Oop [120]=Oop [128]=Oop [136]=Oop [160]=Oop }
                      ;*invokevirtual getCodeSource {reexecute=0 rethrow=0 return_oop=0}
                      ; - java.lang.ClassLoader::defineClassSourceLocation@1 (line 924)
                      ; - java.lang.ClassLoader::defineClass@76 (line 1117)
                      ;   {runtime_call throw_null_pointer_exception Runtime1 stub}
  0x0000017ee68ee008: 07e8 725d 

  0x0000017ee68ee00c: ; ImmutableOopMap {rax=Oop r8=Oop [120]=Oop [128]=Oop [136]=Oop [160]=Oop }
                      ;*invokevirtual getLocation {reexecute=0 rethrow=0 return_oop=0}
                      ; - java.lang.ClassLoader::defineClassSourceLocation@12 (line 926)
                      ; - java.lang.ClassLoader::defineClass@76 (line 1117)
                      ;   {runtime_call throw_null_pointer_exception Runtime1 stub}
  0x0000017ee68ee00c: 5907 e86d 

  0x0000017ee68ee010: ; ImmutableOopMap {rdx=Oop [120]=Oop [128]=Oop [136]=Oop [160]=Oop }
                      ;*invokevirtual toString {reexecute=0 rethrow=0 return_oop=0}
                      ; - java.lang.ClassLoader::defineClassSourceLocation@22 (line 927)
                      ; - java.lang.ClassLoader::defineClass@76 (line 1117)
                      ;   {metadata({method} {0x0000017e81100fe0} 'toString' '()Ljava/lang/String;' in 'java/net/URL')}
  0x0000017ee68ee010: 5d59 0749 | bad8 0f10 | 817e 0100 | 004c 8954 | 2408 48c7 | 0424 ffff 

  0x0000017ee68ee028: ;   {runtime_call counter_overflow Runtime1 stub}
  0x0000017ee68ee028: ffff e8d1 

  0x0000017ee68ee02c: ; ImmutableOopMap {rdx=Oop [120]=Oop [128]=Oop [136]=Oop [160]=Oop }
                      ;*synchronization entry
                      ; - java.net.URL::toString@-1 (line 1189)
                      ; - java.lang.ClassLoader::defineClassSourceLocation@22 (line 927)
                      ; - java.lang.ClassLoader::defineClass@76 (line 1117)
  0x0000017ee68ee02c: b359 07e9 | 9ef8 ffff 

  0x0000017ee68ee034: ;   {metadata({method} {0x0000017e81101090} 'toExternalForm' '()Ljava/lang/String;' in 'java/net/URL')}
  0x0000017ee68ee034: 49ba 8810 | 1081 7e01 | 0000 4c89 | 5424 0848 | c704 24ff 

  0x0000017ee68ee048: ;   {runtime_call counter_overflow Runtime1 stub}
  0x0000017ee68ee048: ffff ffe8 

  0x0000017ee68ee04c: ; ImmutableOopMap {rdx=Oop [120]=Oop [128]=Oop [136]=Oop [160]=Oop }
                      ;*synchronization entry
                      ; - java.net.URL::toExternalForm@-1 (line 1203)
                      ; - java.net.URL::toString@1 (line 1189)
                      ; - java.lang.ClassLoader::defineClassSourceLocation@22 (line 927)
                      ; - java.lang.ClassLoader::defineClass@76 (line 1117)
  0x0000017ee68ee04c: b0b3 5907 | e9bb f8ff 

  0x0000017ee68ee054: ;   {runtime_call throw_null_pointer_exception Runtime1 stub}
  0x0000017ee68ee054: ffe8 265d 

  0x0000017ee68ee058: ; ImmutableOopMap {rdx=Oop rsi=Oop [120]=Oop [128]=Oop [136]=Oop [160]=Oop }
                      ;*invokevirtual toExternalForm {reexecute=0 rethrow=0 return_oop=0}
                      ; - java.net.URL::toExternalForm@5 (line 1203)
                      ; - java.net.URL::toString@1 (line 1189)
                      ; - java.lang.ClassLoader::defineClassSourceLocation@22 (line 927)
                      ; - java.lang.ClassLoader::defineClass@76 (line 1117)
                      ;   {internal_word}
  0x0000017ee68ee058: 5907 49ba | 74da 8ee6 | 7e01 0000 | 4d89 9768 

  0x0000017ee68ee068: ;   {runtime_call SafepointBlob}
  0x0000017ee68ee068: 0400 00e9 | 9076 4d07 

  0x0000017ee68ee070: ;   {internal_word}
  0x0000017ee68ee070: 49ba e4da | 8ee6 7e01 | 0000 4d89 | 9768 0400 

  0x0000017ee68ee080: ;   {runtime_call SafepointBlob}
  0x0000017ee68ee080: 00e9 7a76 

  0x0000017ee68ee084: ;   {runtime_call new_type_array Runtime1 stub}
  0x0000017ee68ee084: 4d07 e875 

  0x0000017ee68ee088: ; ImmutableOopMap {r9=Oop [120]=Oop [128]=Oop [136]=Oop [144]=Oop }
                      ;*newarray {reexecute=0 rethrow=0 return_oop=0}
                      ; - java.lang.ClassLoader::defineClass@44 (line 1110)
  0x0000017ee68ee088: 7159 07e9 | ecfa ffff 

  0x0000017ee68ee090: ;   {metadata({method} {0x0000017e8125feb8} 'get' '([B)Ljava/nio/ByteBuffer;' in 'java/nio/ByteBuffer')}
  0x0000017ee68ee090: 49ba b0fe | 2581 7e01 | 0000 4c89 | 5424 0848 | c704 24ff 

  0x0000017ee68ee0a4: ;   {runtime_call counter_overflow Runtime1 stub}
  0x0000017ee68ee0a4: ffff ffe8 

  0x0000017ee68ee0a8: ; ImmutableOopMap {r9=Oop rax=Oop [120]=Oop [128]=Oop [136]=Oop [144]=Oop }
                      ;*synchronization entry
                      ; - java.nio.ByteBuffer::get@-1 (line 855)
                      ; - java.lang.ClassLoader::defineClass@51 (line 1111)
  0x0000017ee68ee0a8: 54b3 5907 | e97f fbff 

  0x0000017ee68ee0b0: ;   {internal_word}
  0x0000017ee68ee0b0: ff49 ba4c | dd8e e67e | 0100 004d | 8997 6804 

  0x0000017ee68ee0c0: ;   {runtime_call SafepointBlob}
  0x0000017ee68ee0c0: 0000 e939 

  0x0000017ee68ee0c4: ;   {metadata(nullptr)}
  0x0000017ee68ee0c4: 764d 0748 | ba00 0000 | 0000 0000 | 00b8 000f 

  0x0000017ee68ee0d4: ;   {runtime_call load_klass_patching Runtime1 stub}
  0x0000017ee68ee0d4: 050a e8a5 

  0x0000017ee68ee0d8: ; ImmutableOopMap {[128]=Oop [136]=Oop [144]=Oop [192]=Oop }
                      ;*new {reexecute=1 rethrow=0 return_oop=0}
                      ; - (reexecute) java.nio.ByteBuffer::arrayOffset@22 (line 1535)
                      ; - java.lang.ClassLoader::defineClass@31 (line 1106)
  0x0000017ee68ee0d8: a259 07e9 | 80fc ffff 

  0x0000017ee68ee0e0: ;   {runtime_call new_instance Runtime1 stub}
  0x0000017ee68ee0e0: 488b d2e8 

  0x0000017ee68ee0e4: ; ImmutableOopMap {[128]=Oop [136]=Oop [144]=Oop [192]=Oop }
                      ;*new {reexecute=0 rethrow=0 return_oop=0}
                      ; - java.nio.ByteBuffer::arrayOffset@22 (line 1535)
                      ; - java.lang.ClassLoader::defineClass@31 (line 1106)
  0x0000017ee68ee0e4: 9862 5907 | e982 fcff 

  0x0000017ee68ee0ec: ;   {metadata(nullptr)}
  0x0000017ee68ee0ec: ff48 ba00 | 0000 0000 | 0000 00b8 | 000f 050a 

  0x0000017ee68ee0fc: ;   {runtime_call load_klass_patching Runtime1 stub}
  0x0000017ee68ee0fc: e87f a259 

  0x0000017ee68ee100: ; ImmutableOopMap {[128]=Oop [136]=Oop [144]=Oop [192]=Oop }
                      ;*new {reexecute=1 rethrow=0 return_oop=0}
                      ; - (reexecute) java.nio.ByteBuffer::arrayOffset@7 (line 1533)
                      ; - java.lang.ClassLoader::defineClass@31 (line 1106)
  0x0000017ee68ee100: 07e9 aafc 

  0x0000017ee68ee104: ;   {runtime_call throw_null_pointer_exception Runtime1 stub}
  0x0000017ee68ee104: ffff e875 

  0x0000017ee68ee108: ; ImmutableOopMap {[128]=Oop [136]=Oop [144]=Oop [192]=Oop }
                      ;*new {reexecute=0 rethrow=0 return_oop=0}
                      ; - java.nio.ByteBuffer::arrayOffset@7 (line 1533)
                      ; - java.lang.ClassLoader::defineClass@31 (line 1106)
  0x0000017ee68ee108: 5c59 0748 

  0x0000017ee68ee10c: ;   {runtime_call fast_new_instance_init_check Runtime1 stub}
  0x0000017ee68ee10c: 8bd2 e8ed 

  0x0000017ee68ee110: ; ImmutableOopMap {[128]=Oop [136]=Oop [144]=Oop [192]=Oop }
                      ;*new {reexecute=0 rethrow=0 return_oop=0}
                      ; - java.nio.ByteBuffer::arrayOffset@7 (line 1533)
                      ; - java.lang.ClassLoader::defineClass@31 (line 1106)
  0x0000017ee68ee110: 6d59 07e9 | f4fc ffff 

  0x0000017ee68ee118: ;   {metadata(nullptr)}
  0x0000017ee68ee118: 48ba 0000 | 0000 0000 | 0000 b800 

  0x0000017ee68ee124: ;   {runtime_call load_klass_patching Runtime1 stub}
  0x0000017ee68ee124: 0f05 0ae8 

  0x0000017ee68ee128: ; ImmutableOopMap {[120]=Oop [128]=Oop [136]=Oop [144]=Oop }
                      ;*new {reexecute=1 rethrow=0 return_oop=0}
                      ; - (reexecute) java.nio.ByteBuffer::array@22 (line 1507)
                      ; - java.lang.ClassLoader::defineClass@23 (line 1105)
  0x0000017ee68ee128: 54a2 5907 | e91f fdff | ff48 8bd2 

  0x0000017ee68ee134: ;   {runtime_call new_instance Runtime1 stub}
  0x0000017ee68ee134: e847 6259 

  0x0000017ee68ee138: ; ImmutableOopMap {[120]=Oop [128]=Oop [136]=Oop [144]=Oop }
                      ;*new {reexecute=0 rethrow=0 return_oop=0}
                      ; - java.nio.ByteBuffer::array@22 (line 1507)
                      ; - java.lang.ClassLoader::defineClass@23 (line 1105)
  0x0000017ee68ee138: 07e9 21fd 

  0x0000017ee68ee13c: ;   {metadata(nullptr)}
  0x0000017ee68ee13c: ffff 48ba | 0000 0000 | 0000 0000 | b800 0f05 

  0x0000017ee68ee14c: ;   {runtime_call load_klass_patching Runtime1 stub}
  0x0000017ee68ee14c: 0ae8 2ea2 

  0x0000017ee68ee150: ; ImmutableOopMap {[120]=Oop [128]=Oop [136]=Oop [144]=Oop }
                      ;*new {reexecute=1 rethrow=0 return_oop=0}
                      ; - (reexecute) java.nio.ByteBuffer::array@7 (line 1505)
                      ; - java.lang.ClassLoader::defineClass@23 (line 1105)
  0x0000017ee68ee150: 5907 e949 

  0x0000017ee68ee154: ;   {runtime_call throw_null_pointer_exception Runtime1 stub}
  0x0000017ee68ee154: fdff ffe8 

  0x0000017ee68ee158: ; ImmutableOopMap {[120]=Oop [128]=Oop [136]=Oop [144]=Oop }
                      ;*new {reexecute=0 rethrow=0 return_oop=0}
                      ; - java.nio.ByteBuffer::array@7 (line 1505)
                      ; - java.lang.ClassLoader::defineClass@23 (line 1105)
  0x0000017ee68ee158: 245c 5907 

  0x0000017ee68ee15c: ;   {runtime_call fast_new_instance_init_check Runtime1 stub}
  0x0000017ee68ee15c: 488b d2e8 

  0x0000017ee68ee160: ; ImmutableOopMap {[120]=Oop [128]=Oop [136]=Oop [144]=Oop }
                      ;*new {reexecute=0 rethrow=0 return_oop=0}
                      ; - java.nio.ByteBuffer::array@7 (line 1505)
                      ; - java.lang.ClassLoader::defineClass@23 (line 1105)
  0x0000017ee68ee160: 9c6d 5907 | e993 fdff | ff49 8b87 | 0005 0000 | 49c7 8700 | 0500 0000 | 0000 0049 | c787 0805 
  0x0000017ee68ee180: 0000 0000 | 0000 4881 | c4f0 0000 

  0x0000017ee68ee18c: ;   {runtime_call unwind_exception Runtime1 stub}
  0x0000017ee68ee18c: 005d e9ed | 4c59 07f4 | f4f4 f4f4 
[Stub Code]
  0x0000017ee68ee198: ;   {no_reloc}
  0x0000017ee68ee198: 0f1f 4400 

  0x0000017ee68ee19c: ;   {static_stub}
  0x0000017ee68ee19c: 0048 bb00 | 0000 0000 

  0x0000017ee68ee1a4: ;   {runtime_call}
  0x0000017ee68ee1a4: 0000 00e9 | fbff ffff 

  0x0000017ee68ee1ac: ;   {static_stub}
  0x0000017ee68ee1ac: 9048 bb00 | 0000 0000 

  0x0000017ee68ee1b4: ;   {runtime_call}
  0x0000017ee68ee1b4: 0000 00e9 | fbff ffff 

  0x0000017ee68ee1bc: ;   {static_stub}
  0x0000017ee68ee1bc: 9048 bb00 | 0000 0000 

  0x0000017ee68ee1c4: ;   {runtime_call}
  0x0000017ee68ee1c4: 0000 00e9 | fbff ffff 

  0x0000017ee68ee1cc: ;   {static_stub}
  0x0000017ee68ee1cc: 9048 bb00 | 0000 0000 

  0x0000017ee68ee1d4: ;   {runtime_call}
  0x0000017ee68ee1d4: 0000 00e9 | fbff ffff 

  0x0000017ee68ee1dc: ;   {static_stub}
  0x0000017ee68ee1dc: 9048 bb00 | 0000 0000 

  0x0000017ee68ee1e4: ;   {runtime_call}
  0x0000017ee68ee1e4: 0000 00e9 | fbff ffff 

  0x0000017ee68ee1ec: ;   {static_stub}
  0x0000017ee68ee1ec: 9048 bb00 | 0000 0000 

  0x0000017ee68ee1f4: ;   {runtime_call}
  0x0000017ee68ee1f4: 0000 00e9 | fbff ffff 

  0x0000017ee68ee1fc: ;   {static_stub}
  0x0000017ee68ee1fc: 9048 bb00 | 0000 0000 

  0x0000017ee68ee204: ;   {runtime_call}
  0x0000017ee68ee204: 0000 00e9 | fbff ffff 

  0x0000017ee68ee20c: ;   {static_stub}
  0x0000017ee68ee20c: 48bb 0000 | 0000 0000 

  0x0000017ee68ee214: ;   {runtime_call}
  0x0000017ee68ee214: 0000 e9fb 

  0x0000017ee68ee218: ;   {static_stub}
  0x0000017ee68ee218: ffff ff48 | bb00 0000 | 0000 0000 

  0x0000017ee68ee224: ;   {runtime_call}
  0x0000017ee68ee224: 00e9 fbff 

  0x0000017ee68ee228: ;   {static_stub}
  0x0000017ee68ee228: ffff 48bb | 0000 0000 | 0000 0000 

  0x0000017ee68ee234: ;   {runtime_call}
  0x0000017ee68ee234: e9fb ffff 

  0x0000017ee68ee238: ;   {static_stub}
  0x0000017ee68ee238: ff48 bb00 | 0000 0000 

  0x0000017ee68ee240: ;   {runtime_call}
  0x0000017ee68ee240: 0000 00e9 | fbff ffff 
[Exception Handler]
  0x0000017ee68ee248: ;   {runtime_call handle_exception_from_callee Runtime1 stub}
  0x0000017ee68ee248: e8b3 7e59 

  0x0000017ee68ee24c: ;   {external_word}
  0x0000017ee68ee24c: 0748 b900 | 483e b5f9 | 7f00 0048 

  0x0000017ee68ee258: ;   {runtime_call}
  0x0000017ee68ee258: 83e4 f048 | b840 2406 | b5f9 7f00 | 00ff d0f4 
[Deopt Handler Code]
  0x0000017ee68ee268: ;   {section_word}
  0x0000017ee68ee268: 49ba 68e2 | 8ee6 7e01 | 0000 4152 

  0x0000017ee68ee274: ;   {runtime_call DeoptimizationBlob}
  0x0000017ee68ee274: e927 674d | 07f4 f4f4 | f4f4 f4f4 
[/MachCode]


Compiled method (c1)    2977  476       3       java.security.SecureClassLoader::defineClass (12 bytes)
 total in heap  [0x0000017ee68dfb90,0x0000017ee68dff70] = 992
 relocation     [0x0000017ee68dfcf0,0x0000017ee68dfd40] = 80
 main code      [0x0000017ee68dfd40,0x0000017ee68dfe88] = 328
 stub code      [0x0000017ee68dfe88,0x0000017ee68dfed8] = 80
 metadata       [0x0000017ee68dfed8,0x0000017ee68dfee0] = 8
 scopes data    [0x0000017ee68dfee0,0x0000017ee68dff18] = 56
 scopes pcs     [0x0000017ee68dff18,0x0000017ee68dff68] = 80
 dependencies   [0x0000017ee68dff68,0x0000017ee68dff70] = 8

[Constant Pool (empty)]

[MachCode]
[Entry Point]
  # {method} {0x0000017e81040920} 'defineClass' '(Ljava/lang/String;Ljava/nio/ByteBuffer;Ljava/security/CodeSource;)Ljava/lang/Class;' in 'java/security/SecureClassLoader'
  # this:     rdx:rdx   = 'java/security/SecureClassLoader'
  # parm0:    r8:r8     = 'java/lang/String'
  # parm1:    r9:r9     = 'java/nio/ByteBuffer'
  # parm2:    rdi:rdi   = 'java/security/CodeSource'
  #           [sp+0x60]  (sp of caller)
  0x0000017ee68dfd40: 448b 5208 | 49c1 e203 

  0x0000017ee68dfd48: ;   {runtime_call ic_miss_stub}
  0x0000017ee68dfd48: 4c3b d00f | 852f ea4d | 0766 6666 | 0f1f 8400 | 0000 0000 | 6666 6690 
[Verified Entry Point]
  0x0000017ee68dfd60: 8984 2400 | 80ff ff55 | 4883 ec50 | 4181 7f20 | 0100 0000 

  0x0000017ee68dfd74: ;   {runtime_call StubRoutines (final stubs)}
  0x0000017ee68dfd74: 7405 e8a5 

  0x0000017ee68dfd78: ;   {metadata(method data for {method} {0x0000017e81040920} 'defineClass' '(Ljava/lang/String;Ljava/nio/ByteBuffer;Ljava/security/CodeSource;)Ljava/lang/Class;' in 'java/security/SecureClassLoader')}
  0x0000017ee68dfd78: 4f4c 0748 | bed8 527e | 817e 0100 | 008b 9ecc | 0000 0083 | c302 899e | cc00 0000 | 81e3 fe07 
  0x0000017ee68dfd98: 0000 85db | 0f84 8500 | 0000 4c89 | 4c24 404c | 8944 2438 

  0x0000017ee68dfdac: ;   {metadata(method data for {method} {0x0000017e81040920} 'defineClass' '(Ljava/lang/String;Ljava/nio/ByteBuffer;Ljava/security/CodeSource;)Ljava/lang/Class;' in 'java/security/SecureClassLoader')}
  0x0000017ee68dfdac: 488b f248 | bbd8 527e | 817e 0100 | 0048 8383 | 1001 0000 | 014c 8bc7 | 488b fa48 | 8bd7 4889 
  0x0000017ee68dfdcc: ;   {optimized virtual_call}
  0x0000017ee68dfdcc: 7c24 30e8 

  0x0000017ee68dfdd0: ; ImmutableOopMap {[48]=Oop [56]=Oop [64]=Oop }
                      ;*invokevirtual getProtectionDomain {reexecute=0 rethrow=0 return_oop=0}
                      ; - java.security.SecureClassLoader::defineClass@5 (line 182)
  0x0000017ee68dfdd0: cc96 ffff 

  0x0000017ee68dfdd4: ;   {other}
  0x0000017ee68dfdd4: 0f1f 8400 | 4402 0000 | 488b 5424 

  0x0000017ee68dfde0: ;   {metadata(method data for {method} {0x0000017e81040920} 'defineClass' '(Ljava/lang/String;Ljava/nio/ByteBuffer;Ljava/security/CodeSource;)Ljava/lang/Class;' in 'java/security/SecureClassLoader')}
  0x0000017ee68dfde0: 3049 b8d8 | 527e 817e | 0100 0049 | 8380 4801 | 0000 014c | 8b44 2438 | 4c8b 4c24 | 4048 8bf8 
  0x0000017ee68dfe00: 488b 5424 

  0x0000017ee68dfe04: ;   {optimized virtual_call}
  0x0000017ee68dfe04: 3066 90e8 

  0x0000017ee68dfe08: ; ImmutableOopMap {}
                      ;*invokevirtual defineClass {reexecute=0 rethrow=0 return_oop=0}
                      ; - java.security.SecureClassLoader::defineClass@8 (line 182)
  0x0000017ee68dfe08: b4d4 0000 

  0x0000017ee68dfe0c: ;   {other}
  0x0000017ee68dfe0c: 0f1f 8400 | 7c02 0001 | 4883 c450 

  0x0000017ee68dfe18: ;   {poll_return}
  0x0000017ee68dfe18: 5d49 3ba7 | 5004 0000 | 0f87 2200 

  0x0000017ee68dfe24: ;   {metadata({method} {0x0000017e81040920} 'defineClass' '(Ljava/lang/String;Ljava/nio/ByteBuffer;Ljava/security/CodeSource;)Ljava/lang/Class;' in 'java/security/SecureClassLoader')}
  0x0000017ee68dfe24: 0000 c349 | ba18 0904 | 817e 0100 | 004c 8954 | 2408 48c7 | 0424 ffff 

  0x0000017ee68dfe3c: ;   {runtime_call counter_overflow Runtime1 stub}
  0x0000017ee68dfe3c: ffff e8bd 

  0x0000017ee68dfe40: ; ImmutableOopMap {rdx=Oop r8=Oop r9=Oop rdi=Oop }
                      ;*synchronization entry
                      ; - java.security.SecureClassLoader::defineClass@-1 (line 182)
  0x0000017ee68dfe40: 955a 07e9 | 5aff ffff 

  0x0000017ee68dfe48: ;   {internal_word}
  0x0000017ee68dfe48: 49ba 19fe | 8de6 7e01 | 0000 4d89 | 9768 0400 

  0x0000017ee68dfe58: ;   {runtime_call SafepointBlob}
  0x0000017ee68dfe58: 00e9 a258 | 4e07 498b | 8700 0500 | 0049 c787 | 0005 0000 | 0000 0000 | 49c7 8708 | 0500 0000 
  0x0000017ee68dfe78: 0000 0048 | 83c4 505d 

  0x0000017ee68dfe80: ;   {runtime_call unwind_exception Runtime1 stub}
  0x0000017ee68dfe80: e9fb 2f5a | 07f4 f4f4 
[Stub Code]
  0x0000017ee68dfe88: ;   {no_reloc}
  0x0000017ee68dfe88: 48bb 0000 | 0000 0000 

  0x0000017ee68dfe90: ;   {runtime_call}
  0x0000017ee68dfe90: 0000 e9fb 

  0x0000017ee68dfe94: ;   {static_stub}
  0x0000017ee68dfe94: ffff ff48 | bb08 7202 | 817e 0100 

  0x0000017ee68dfea0: ;   {runtime_call I2C/C2I adapters}
  0x0000017ee68dfea0: 00e9 c020 

  0x0000017ee68dfea4: ;   {runtime_call handle_exception_from_callee Runtime1 stub}
  0x0000017ee68dfea4: 4d07 e855 

  0x0000017ee68dfea8: ;   {external_word}
  0x0000017ee68dfea8: 625a 0748 | b900 483e | b5f9 7f00 | 0048 83e4 

  0x0000017ee68dfeb8: ;   {runtime_call}
  0x0000017ee68dfeb8: f048 b840 | 2406 b5f9 | 7f00 00ff 

  0x0000017ee68dfec4: ;   {section_word}
  0x0000017ee68dfec4: d0f4 49ba | c6fe 8de6 | 7e01 0000 

  0x0000017ee68dfed0: ;   {runtime_call DeoptimizationBlob}
  0x0000017ee68dfed0: 4152 e9c9 | 4a4e 07f4 
[/MachCode]


---------------  P R O C E S S  ---------------

Threads class SMR info:
_java_thread_list=0x0000017e805c9560, length=11, elements={
0x0000017edc2239c0, 0x0000017e8034a080, 0x0000017e8034adf0, 0x0000017e80358670,
0x0000017e803590d0, 0x0000017e801f3fb0, 0x0000017e801f4620, 0x0000017e801f53b0,
0x0000017e801f6410, 0x0000017ede487550, 0x0000017e8061d1f0
}

Java Threads: ( => current thread )
=>0x0000017edc2239c0 JavaThread "main"                              [_thread_in_vm, id=19436, stack(0x00000006d9700000,0x00000006d9800000) (1024K)]
  0x0000017e8034a080 JavaThread "Reference Handler"          daemon [_thread_blocked, id=7512, stack(0x00000006d9f00000,0x00000006da000000) (1024K)]
  0x0000017e8034adf0 JavaThread "Finalizer"                  daemon [_thread_blocked, id=26332, stack(0x00000006da000000,0x00000006da100000) (1024K)]
  0x0000017e80358670 JavaThread "Signal Dispatcher"          daemon [_thread_blocked, id=4120, stack(0x00000006da100000,0x00000006da200000) (1024K)]
  0x0000017e803590d0 JavaThread "Attach Listener"            daemon [_thread_blocked, id=2068, stack(0x00000006da200000,0x00000006da300000) (1024K)]
  0x0000017e801f3fb0 JavaThread "Service Thread"             daemon [_thread_blocked, id=5140, stack(0x00000006da300000,0x00000006da400000) (1024K)]
  0x0000017e801f4620 JavaThread "Monitor Deflation Thread"   daemon [_thread_blocked, id=21536, stack(0x00000006da400000,0x00000006da500000) (1024K)]
  0x0000017e801f53b0 JavaThread "C2 CompilerThread0"         daemon [_thread_blocked, id=26440, stack(0x00000006da500000,0x00000006da600000) (1024K)]
  0x0000017e801f6410 JavaThread "C1 CompilerThread0"         daemon [_thread_blocked, id=16184, stack(0x00000006da600000,0x00000006da700000) (1024K)]
  0x0000017ede487550 JavaThread "Common-Cleaner"             daemon [_thread_blocked, id=14392, stack(0x00000006da700000,0x00000006da800000) (1024K)]
  0x0000017e8061d1f0 JavaThread "Notification Thread"        daemon [_thread_blocked, id=11684, stack(0x00000006da800000,0x00000006da900000) (1024K)]
Total: 11

Other Threads:
  0x0000017e80185620 VMThread "VM Thread"                           [id=22204, stack(0x00000006d9e00000,0x00000006d9f00000) (1024K)]
  0x0000017e8011ce10 WatcherThread "VM Periodic Task Thread"        [id=17168, stack(0x00000006d9d00000,0x00000006d9e00000) (1024K)]
  0x0000017ede433f90 WorkerThread "GC Thread#0"                     [id=17812, stack(0x00000006d9800000,0x00000006d9900000) (1024K)]
  0x0000017e80823410 WorkerThread "GC Thread#1"                     [id=12256, stack(0x00000006da900000,0x00000006daa00000) (1024K)]
  0x0000017e8082e150 WorkerThread "GC Thread#2"                     [id=17052, stack(0x00000006daa00000,0x00000006dab00000) (1024K)]
  0x0000017e8082e4f0 WorkerThread "GC Thread#3"                     [id=20592, stack(0x00000006dab00000,0x00000006dac00000) (1024K)]
  0x0000017e809ac190 WorkerThread "GC Thread#4"                     [id=2660, stack(0x00000006dac00000,0x00000006dad00000) (1024K)]
  0x0000017ede445df0 ConcurrentGCThread "G1 Main Marker"            [id=22052, stack(0x00000006d9900000,0x00000006d9a00000) (1024K)]
  0x0000017ede4468f0 WorkerThread "G1 Conc#0"                       [id=21376, stack(0x00000006d9a00000,0x00000006d9b00000) (1024K)]
  0x0000017ede472960 ConcurrentGCThread "G1 Refine#0"               [id=18188, stack(0x00000006d9b00000,0x00000006d9c00000) (1024K)]
  0x0000017ede4734d0 ConcurrentGCThread "G1 Service"                [id=22808, stack(0x00000006d9c00000,0x00000006d9d00000) (1024K)]
Total: 11

Threads with active compile tasks:
Total: 0

VM state: not at safepoint (normal execution)

VM Mutex/Monitor currently owned by a thread:  ([mutex/lock_event])
[0x00007ff9b567ace8] Metaspace_lock - owner thread: 0x0000017edc2239c0

Heap address: 0x0000000081a00000, size: 2022 MB, Compressed Oops mode: 32-bit

CDS archive(s) not mapped
Compressed class space mapped at: 0x0000000100000000-0x0000000140000000, reserved size: 1073741824
Narrow klass base: 0x0000000000000000, Narrow klass shift: 3, Narrow klass range: 0x140000000

GC Precious Log:
 CardTable entry size: 512
 Card Set container configuration: InlinePtr #cards 5 size 8 Array Of Cards #cards 12 size 40 Howl #buckets 4 coarsen threshold 1843 Howl Bitmap #cards 512 size 80 coarsen threshold 460 Card regions per heap region 1 cards per card region 2048
 CPUs: 8 total, 8 available
 Memory: 8082M
 Large Page Support: Disabled
 NUMA Support: Disabled
 Compressed Oops: Enabled (32-bit)
 Heap Region Size: 1M
 Heap Min Capacity: 8M
 Heap Initial Capacity: 8M
 Heap Max Capacity: 2022M
 Pre-touch: Disabled
 Parallel Workers: 8
 Concurrent Workers: 2
 Concurrent Refinement Workers: 8
 Periodic GC: Disabled

Heap:
 garbage-first heap   total 8192K, used 1838K [0x0000000081a00000, 0x0000000100000000)
  region size 1024K, 2 young (2048K), 1 survivors (1024K)
 Metaspace       used 12937K, committed 13056K, reserved 1114112K
  class space    used 1298K, committed 1344K, reserved 1048576K

Heap Regions: E=young(eden), S=young(survivor), O=old, HS=humongous(starts), HC=humongous(continues), CS=collection set, F=free, TAMS=top-at-mark-start, PB=parsable bottom
|   0|0x0000000081a00000, 0x0000000081b00000, 0x0000000081b00000|100%| O|  |TAMS 0x0000000081a00000| PB 0x0000000081a00000| Untracked 
|   1|0x0000000081b00000, 0x0000000081b46c00, 0x0000000081c00000| 27%| O|  |TAMS 0x0000000081b00000| PB 0x0000000081b00000| Untracked 
|   2|0x0000000081c00000, 0x0000000081c00000, 0x0000000081d00000|  0%| F|  |TAMS 0x0000000081c00000| PB 0x0000000081c00000| Untracked 
|   3|0x0000000081d00000, 0x0000000081d00000, 0x0000000081e00000|  0%| F|  |TAMS 0x0000000081d00000| PB 0x0000000081d00000| Untracked 
|   4|0x0000000081e00000, 0x0000000081e00000, 0x0000000081f00000|  0%| F|  |TAMS 0x0000000081e00000| PB 0x0000000081e00000| Untracked 
|   5|0x0000000081f00000, 0x0000000081f00000, 0x0000000082000000|  0%| F|  |TAMS 0x0000000081f00000| PB 0x0000000081f00000| Untracked 
|   6|0x0000000082000000, 0x0000000082084c30, 0x0000000082100000| 51%| S|CS|TAMS 0x0000000082000000| PB 0x0000000082000000| Complete 
|   7|0x0000000082100000, 0x00000000821b1118, 0x0000000082200000| 69%| E|  |TAMS 0x0000000082100000| PB 0x0000000082100000| Complete 

Card table byte_map: [0x0000017ef5f70000,0x0000017ef6370000] _byte_map_base: 0x0000017ef5b63000

Marking Bits: (CMBitMap*) 0x0000017ede434690
 Bits: [0x0000017ef6370000, 0x0000017ef8308000)

Polling page: 0x0000017edc390000

Metaspace:

Usage:
  Non-class:     11.37 MB used.
      Class:      1.27 MB used.
       Both:     12.63 MB used.

Virtual space:
  Non-class space:       64.00 MB reserved,      11.44 MB ( 18%) committed,  1 nodes.
      Class space:        1.00 GB reserved,       1.31 MB ( <1%) committed,  1 nodes.
             Both:        1.06 GB reserved,      12.75 MB (  1%) committed. 

Chunk freelists:
   Non-Class:  4.11 MB
       Class:  14.58 MB
        Both:  18.69 MB

MaxMetaspaceSize: unlimited
CompressedClassSpaceSize: 1.00 GB
Initial GC threshold: 21.00 MB
Current GC threshold: 21.00 MB
CDS: off
 - commit_granule_bytes: 65536.
 - commit_granule_words: 8192.
 - virtual_space_node_default_size: 8388608.
 - enlarge_chunks_in_place: 1.
 - use_allocation_guard: 0.


Internal statistics:

num_allocs_failed_limit: 0.
num_arena_births: 44.
num_arena_deaths: 0.
num_vsnodes_births: 2.
num_vsnodes_deaths: 0.
num_space_committed: 204.
num_space_uncommitted: 0.
num_chunks_returned_to_freelist: 0.
num_chunks_taken_from_freelist: 272.
num_chunk_merges: 0.
num_chunk_splits: 194.
num_chunks_enlarged: 155.
num_inconsistent_stats: 0.

CodeHeap 'non-profiled nmethods': size=120000Kb used=184Kb max_used=184Kb free=119815Kb
 bounds [0x0000017eee310000, 0x0000017eee580000, 0x0000017ef5840000]
CodeHeap 'profiled nmethods': size=120000Kb used=831Kb max_used=831Kb free=119168Kb
 bounds [0x0000017ee6840000, 0x0000017ee6ab0000, 0x0000017eedd70000]
CodeHeap 'non-nmethods': size=5760Kb used=1295Kb max_used=1309Kb free=4464Kb
 bounds [0x0000017eedd70000, 0x0000017eedfe0000, 0x0000017eee310000]
 total_blobs=977 nmethods=566 adapters=316
 compilation: enabled
              stopped_count=0, restarted_count=0
 full_count=0

Compilation events (20 events):
Event: 2.744 Thread 0x0000017e801f6410  559       3       com.sun.tools.javac.util.Name$Table::equals (44 bytes)
Event: 2.745 Thread 0x0000017e801f6410 nmethod 559 0x0000017ee690cc90 code [0x0000017ee690ce40, 0x0000017ee690d0c0]
Event: 2.745 Thread 0x0000017e801f6410  558       3       com.sun.tools.javac.util.List::nil (4 bytes)
Event: 2.745 Thread 0x0000017e801f6410 nmethod 558 0x0000017ee690d210 code [0x0000017ee690d3a0, 0x0000017ee690d498]
Event: 2.745 Thread 0x0000017e801f6410  557       1       java.util.Collections$EmptyMap::get (2 bytes)
Event: 2.745 Thread 0x0000017e801f6410 nmethod 557 0x0000017eee33dd90 code [0x0000017eee33df20, 0x0000017eee33dff0]
Event: 2.746 Thread 0x0000017e801f6410  560       3       com.sun.tools.javac.util.Assert::checkNonNull (10 bytes)
Event: 2.746 Thread 0x0000017e801f6410 nmethod 560 0x0000017ee690d510 code [0x0000017ee690d6c0, 0x0000017ee690d918]
Event: 2.746 Thread 0x0000017e801f6410  562       3       com.sun.tools.javac.util.Convert::chars2utf (159 bytes)
Event: 2.747 Thread 0x0000017e801f6410 nmethod 562 0x0000017ee690da10 code [0x0000017ee690dbe0, 0x0000017ee690df98]
Event: 2.747 Thread 0x0000017e801f6410  561       3       com.sun.tools.javac.util.Name::lastIndexOf (42 bytes)
Event: 2.748 Thread 0x0000017e801f6410 nmethod 561 0x0000017ee690e210 code [0x0000017ee690e3e0, 0x0000017ee690e7a0]
Event: 2.748 Thread 0x0000017e801f6410  563       3       java.util.Collections::emptyMap (4 bytes)
Event: 2.748 Thread 0x0000017e801f6410 nmethod 563 0x0000017ee690e990 code [0x0000017ee690eb20, 0x0000017ee690ec18]
Event: 2.748 Thread 0x0000017e801f6410  564       3       com.sun.tools.javac.code.AnnoConstruct::<init> (5 bytes)
Event: 2.748 Thread 0x0000017e801f6410 nmethod 564 0x0000017ee690ec90 code [0x0000017ee690ee40, 0x0000017ee690efa8]
Event: 2.748 Thread 0x0000017e801f6410  565       3       jdk.internal.org.objectweb.asm.Attribute::computeAttributesSize (62 bytes)
Event: 2.749 Thread 0x0000017e801f6410 nmethod 565 0x0000017ee690f090 code [0x0000017ee690f260, 0x0000017ee690f560]
Event: 2.749 Thread 0x0000017e801f6410  566       3       jdk.internal.org.objectweb.asm.AnnotationWriter::computeAnnotationsSize (66 bytes)
Event: 2.749 Thread 0x0000017e801f6410 nmethod 566 0x0000017ee690f710 code [0x0000017ee690f900, 0x0000017ee690fc00]

GC Heap History (4 events):
Event: 1.994 GC heap before
{Heap before GC invocations=0 (full 0):
 garbage-first heap   total 8192K, used 2047K [0x0000000081a00000, 0x0000000100000000)
  region size 1024K, 3 young (3072K), 0 survivors (0K)
 Metaspace       used 9379K, committed 9536K, reserved 1114112K
  class space    used 910K, committed 960K, reserved 1048576K
}
Event: 2.029 GC heap after
{Heap after GC invocations=1 (full 0):
 garbage-first heap   total 8192K, used 1248K [0x0000000081a00000, 0x0000000100000000)
  region size 1024K, 1 young (1024K), 1 survivors (1024K)
 Metaspace       used 9379K, committed 9536K, reserved 1114112K
  class space    used 910K, committed 960K, reserved 1048576K
}
Event: 2.634 GC heap before
{Heap before GC invocations=1 (full 0):
 garbage-first heap   total 8192K, used 1248K [0x0000000081a00000, 0x0000000100000000)
  region size 1024K, 2 young (2048K), 1 survivors (1024K)
 Metaspace       used 12202K, committed 12352K, reserved 1114112K
  class space    used 1227K, committed 1280K, reserved 1048576K
}
Event: 2.643 GC heap after
{Heap after GC invocations=2 (full 0):
 garbage-first heap   total 8192K, used 1838K [0x0000000081a00000, 0x0000000100000000)
  region size 1024K, 1 young (1024K), 1 survivors (1024K)
 Metaspace       used 12202K, committed 12352K, reserved 1114112K
  class space    used 1227K, committed 1280K, reserved 1048576K
}

Dll operation events (5 events):
Event: 0.099 Loaded shared library C:\Program Files\Java\jdk-21\bin\java.dll
Event: 0.774 Loaded shared library C:\Program Files\Java\jdk-21\bin\jsvml.dll
Event: 1.217 Loaded shared library C:\Program Files\Java\jdk-21\bin\jimage.dll
Event: 1.778 Loaded shared library C:\Program Files\Java\jdk-21\bin\net.dll
Event: 1.792 Loaded shared library C:\Program Files\Java\jdk-21\bin\nio.dll

Deoptimization events (20 events):
Event: 1.660 Thread 0x0000017edc2239c0 Uncommon trap: trap_request=0xffffffc6 fr.pc=0x0000017eee31ee50 relative=0x0000000000000b70
Event: 1.661 Thread 0x0000017edc2239c0 Uncommon trap: reason=bimorphic_or_optimized_type_check action=maybe_recompile pc=0x0000017eee31ee50 method=java.util.HashMap.putVal(ILjava/lang/Object;Ljava/lang/Object;ZZ)Ljava/lang/Object; @ 56 c2
Event: 1.661 Thread 0x0000017edc2239c0 DEOPT PACKING pc=0x0000017eee31ee50 sp=0x00000006d97fe4d0
Event: 1.661 Thread 0x0000017edc2239c0 DEOPT UNPACKING pc=0x0000017eeddc46a2 sp=0x00000006d97fe468 mode 2
Event: 1.661 Thread 0x0000017edc2239c0 Uncommon trap: trap_request=0xffffffc6 fr.pc=0x0000017eee31ee50 relative=0x0000000000000b70
Event: 1.661 Thread 0x0000017edc2239c0 Uncommon trap: reason=bimorphic_or_optimized_type_check action=maybe_recompile pc=0x0000017eee31ee50 method=java.util.HashMap.putVal(ILjava/lang/Object;Ljava/lang/Object;ZZ)Ljava/lang/Object; @ 56 c2
Event: 1.661 Thread 0x0000017edc2239c0 DEOPT PACKING pc=0x0000017eee31ee50 sp=0x00000006d97fe4d0
Event: 1.661 Thread 0x0000017edc2239c0 DEOPT UNPACKING pc=0x0000017eeddc46a2 sp=0x00000006d97fe468 mode 2
Event: 1.661 Thread 0x0000017edc2239c0 Uncommon trap: trap_request=0xffffffc6 fr.pc=0x0000017eee31ee50 relative=0x0000000000000b70
Event: 1.661 Thread 0x0000017edc2239c0 Uncommon trap: reason=bimorphic_or_optimized_type_check action=maybe_recompile pc=0x0000017eee31ee50 method=java.util.HashMap.putVal(ILjava/lang/Object;Ljava/lang/Object;ZZ)Ljava/lang/Object; @ 56 c2
Event: 1.661 Thread 0x0000017edc2239c0 DEOPT PACKING pc=0x0000017eee31ee50 sp=0x00000006d97fe4d0
Event: 1.662 Thread 0x0000017edc2239c0 DEOPT UNPACKING pc=0x0000017eeddc46a2 sp=0x00000006d97fe468 mode 2
Event: 1.662 Thread 0x0000017edc2239c0 Uncommon trap: trap_request=0xffffffc6 fr.pc=0x0000017eee31ee50 relative=0x0000000000000b70
Event: 1.662 Thread 0x0000017edc2239c0 Uncommon trap: reason=bimorphic_or_optimized_type_check action=maybe_recompile pc=0x0000017eee31ee50 method=java.util.HashMap.putVal(ILjava/lang/Object;Ljava/lang/Object;ZZ)Ljava/lang/Object; @ 56 c2
Event: 1.662 Thread 0x0000017edc2239c0 DEOPT PACKING pc=0x0000017eee31ee50 sp=0x00000006d97fe4d0
Event: 1.662 Thread 0x0000017edc2239c0 DEOPT UNPACKING pc=0x0000017eeddc46a2 sp=0x00000006d97fe468 mode 2
Event: 1.894 Thread 0x0000017edc2239c0 DEOPT PACKING pc=0x0000017ee6871f78 sp=0x00000006d97fab80
Event: 1.894 Thread 0x0000017edc2239c0 DEOPT UNPACKING pc=0x0000017eeddc4e42 sp=0x00000006d97f9fa0 mode 0
Event: 1.941 Thread 0x0000017edc2239c0 DEOPT PACKING pc=0x0000017ee6854058 sp=0x00000006d97faa80
Event: 1.941 Thread 0x0000017edc2239c0 DEOPT UNPACKING pc=0x0000017eeddc4e42 sp=0x00000006d97f9ee8 mode 0

Classes loaded (20 events):
Event: 1.975 Loading class java/nio/file/ReadOnlyFileSystemException
Event: 1.976 Loading class java/nio/file/ReadOnlyFileSystemException done
Event: 2.055 Loading class java/nio/file/ClosedFileSystemException
Event: 2.055 Loading class java/nio/file/ClosedFileSystemException done
Event: 2.055 Loading class java/lang/ArrayIndexOutOfBoundsException
Event: 2.055 Loading class java/lang/ArrayIndexOutOfBoundsException done
Event: 2.065 Loading class java/io/ByteArrayOutputStream
Event: 2.065 Loading class java/io/ByteArrayOutputStream done
Event: 2.092 Loading class java/util/AbstractQueue
Event: 2.093 Loading class java/util/AbstractQueue done
Event: 2.448 Loading class java/util/function/BiPredicate
Event: 2.449 Loading class java/util/function/BiPredicate done
Event: 2.479 Loading class java/util/LinkedList
Event: 2.480 Loading class java/util/AbstractSequentialList
Event: 2.481 Loading class java/util/AbstractSequentialList done
Event: 2.481 Loading class java/util/LinkedList done
Event: 2.596 Loading class java/lang/CloneNotSupportedException
Event: 2.597 Loading class java/lang/CloneNotSupportedException done
Event: 2.726 Loading class java/lang/NoSuchFieldError
Event: 2.726 Loading class java/lang/NoSuchFieldError done

Classes unloaded (0 events):
No events

Classes redefined (0 events):
No events

Internal exceptions (7 events):
Event: 1.650 Thread 0x0000017edc2239c0 Exception <a 'java/lang/NoSuchMethodError'{0x0000000081f0b5b8}: 'void java.lang.invoke.DirectMethodHandle$Holder.invokeSpecial(java.lang.Object, java.lang.Object, java.lang.Object)'> (0x0000000081f0b5b8) 
thrown [s\open\src\hotspot\share\interpreter\linkResolver.cpp, line 773]
Event: 1.835 Thread 0x0000017edc2239c0 Exception <a 'java/lang/NoSuchMethodError'{0x0000000081f4e478}: 'int java.lang.invoke.DirectMethodHandle$Holder.invokeVirtual(java.lang.Object, java.lang.Object, java.lang.Object)'> (0x0000000081f4e478) 
thrown [s\open\src\hotspot\share\interpreter\linkResolver.cpp, line 773]
Event: 1.837 Thread 0x0000017edc2239c0 Exception <a 'java/lang/NoSuchMethodError'{0x0000000081f540e8}: 'void java.lang.invoke.DirectMethodHandle$Holder.invokeInterface(java.lang.Object, java.lang.Object, java.lang.Object)'> (0x0000000081f540e8) 
thrown [s\open\src\hotspot\share\interpreter\linkResolver.cpp, line 773]
Event: 2.222 Thread 0x0000017edc2239c0 Exception <a 'java/lang/NoSuchMethodError'{0x0000000082178d98}: 'int java.lang.invoke.DirectMethodHandle$Holder.invokeStaticInit(java.lang.Object, java.lang.Object)'> (0x0000000082178d98) 
thrown [s\open\src\hotspot\share\interpreter\linkResolver.cpp, line 773]
Event: 2.692 Thread 0x0000017edc2239c0 Exception <a 'java/lang/NoSuchMethodError'{0x0000000082143f30}: 'int java.lang.invoke.DirectMethodHandle$Holder.invokeVirtual(java.lang.Object, java.lang.Object)'> (0x0000000082143f30) 
thrown [s\open\src\hotspot\share\interpreter\linkResolver.cpp, line 773]
Event: 2.704 Thread 0x0000017edc2239c0 Exception <a 'java/lang/NoSuchMethodError'{0x0000000082166a48}: 'java.lang.Object java.lang.invoke.DirectMethodHandle$Holder.newInvokeSpecial(java.lang.Object, java.lang.Object, java.lang.Object, java.lang.Object, java.lang.Object)'> (0x0000000082166a48) 
thrown [s\open\src\hotspot\share\interpreter\linkResolver.cpp, line 773]
Event: 2.710 Thread 0x0000017edc2239c0 Exception <a 'java/lang/NoSuchMethodError'{0x0000000082175b90}: 'java.lang.Object java.lang.invoke.DirectMethodHandle$Holder.newInvokeSpecial(java.lang.Object, java.lang.Object, java.lang.Object, java.lang.Object, java.lang.Object, java.lang.Object)'> (0x0000000082175b90) 
thrown [s\open\src\hotspot\share\interpreter\linkResolver.cpp, line 773]

ZGC Phase Switch (0 events):
No events

VM Operations (12 events):
Event: 1.084 Executing VM operation: HandshakeAllThreads (Deoptimize)
Event: 1.085 Executing VM operation: HandshakeAllThreads (Deoptimize) done
Event: 1.659 Executing VM operation: HandshakeAllThreads (Deoptimize)
Event: 1.659 Executing VM operation: HandshakeAllThreads (Deoptimize) done
Event: 1.659 Executing VM operation: Cleanup
Event: 1.659 Executing VM operation: Cleanup done
Event: 1.902 Executing VM operation: HandshakeAllThreads (Deoptimize)
Event: 1.902 Executing VM operation: HandshakeAllThreads (Deoptimize) done
Event: 1.992 Executing VM operation: G1CollectForAllocation (G1 Evacuation Pause)
Event: 2.030 Executing VM operation: G1CollectForAllocation (G1 Evacuation Pause) done
Event: 2.634 Executing VM operation: G1CollectForAllocation (G1 Evacuation Pause)
Event: 2.643 Executing VM operation: G1CollectForAllocation (G1 Evacuation Pause) done

Events (11 events):
Event: 0.305 Thread 0x0000017edc2239c0 Thread added: 0x0000017edc2239c0
Event: 0.704 Thread 0x0000017e8034a080 Thread added: 0x0000017e8034a080
Event: 0.705 Thread 0x0000017e8034adf0 Thread added: 0x0000017e8034adf0
Event: 0.734 Thread 0x0000017e80358670 Thread added: 0x0000017e80358670
Event: 0.734 Thread 0x0000017e803590d0 Thread added: 0x0000017e803590d0
Event: 0.734 Thread 0x0000017e801f3fb0 Thread added: 0x0000017e801f3fb0
Event: 0.735 Thread 0x0000017e801f4620 Thread added: 0x0000017e801f4620
Event: 0.736 Thread 0x0000017e801f53b0 Thread added: 0x0000017e801f53b0
Event: 0.749 Thread 0x0000017e801f6410 Thread added: 0x0000017e801f6410
Event: 1.013 Thread 0x0000017ede487550 Thread added: 0x0000017ede487550
Event: 1.152 Thread 0x0000017e8061d1f0 Thread added: 0x0000017e8061d1f0


Dynamic libraries:
0x00007ff7a9e70000 - 0x00007ff7a9e78000 	C:\Program Files\Java\jdk-21\bin\javac.exe
0x00007ffa7f130000 - 0x00007ffa7f346000 	C:\WINDOWS\SYSTEM32\ntdll.dll
0x00007ffa7dd30000 - 0x00007ffa7ddf4000 	C:\WINDOWS\System32\KERNEL32.DLL
0x00007ffa7c450000 - 0x00007ffa7c7f7000 	C:\WINDOWS\System32\KERNELBASE.dll
0x00007ffa7c940000 - 0x00007ffa7ca51000 	C:\WINDOWS\System32\ucrtbase.dll
0x00007ffa76130000 - 0x00007ffa76149000 	C:\Program Files\Java\jdk-21\bin\jli.dll
0x00007ffa7d9c0000 - 0x00007ffa7da72000 	C:\WINDOWS\System32\ADVAPI32.dll
0x00007ffa561a0000 - 0x00007ffa561bb000 	C:\Program Files\Java\jdk-21\bin\VCRUNTIME140.dll
0x00007ffa7d7f0000 - 0x00007ffa7d897000 	C:\WINDOWS\System32\msvcrt.dll
0x00007ffa7dfe0000 - 0x00007ffa7e088000 	C:\WINDOWS\System32\sechost.dll
0x00007ffa7cbd0000 - 0x00007ffa7cbf8000 	C:\WINDOWS\System32\bcrypt.dll
0x00007ffa7d8a0000 - 0x00007ffa7d9b5000 	C:\WINDOWS\System32\RPCRT4.dll
0x00007ffa7e140000 - 0x00007ffa7e2ee000 	C:\WINDOWS\System32\USER32.dll
0x00007ffa6a360000 - 0x00007ffa6a5f3000 	C:\WINDOWS\WinSxS\amd64_microsoft.windows.common-controls_6595b64144ccf1df_6.0.22621.3235_none_270f74e173860f98\COMCTL32.dll
0x00007ffa7c870000 - 0x00007ffa7c896000 	C:\WINDOWS\System32\win32u.dll
0x00007ffa7ec80000 - 0x00007ffa7eca9000 	C:\WINDOWS\System32\GDI32.dll
0x00007ffa7ccc0000 - 0x00007ffa7cdd9000 	C:\WINDOWS\System32\gdi32full.dll
0x00007ffa7c8a0000 - 0x00007ffa7c93a000 	C:\WINDOWS\System32\msvcp_win.dll
0x00007ffa70d40000 - 0x00007ffa70d4a000 	C:\WINDOWS\SYSTEM32\VERSION.dll
0x00007ffa7e2f0000 - 0x00007ffa7e321000 	C:\WINDOWS\System32\IMM32.DLL
0x00007ffa76030000 - 0x00007ffa7603c000 	C:\Program Files\Java\jdk-21\bin\vcruntime140_1.dll
0x00007ffa1d970000 - 0x00007ffa1d9fe000 	C:\Program Files\Java\jdk-21\bin\msvcp140.dll
0x00007ff9b4a40000 - 0x00007ff9b5757000 	C:\Program Files\Java\jdk-21\bin\server\jvm.dll
0x00007ffa7df00000 - 0x00007ffa7df71000 	C:\WINDOWS\System32\WS2_32.dll
0x00007ffa7c320000 - 0x00007ffa7c36d000 	C:\WINDOWS\SYSTEM32\POWRPROF.dll
0x00007ffa758b0000 - 0x00007ffa758e4000 	C:\WINDOWS\SYSTEM32\WINMM.dll
0x00007ffa7c300000 - 0x00007ffa7c313000 	C:\WINDOWS\SYSTEM32\UMPDC.dll
0x00007ffa7b490000 - 0x00007ffa7b4a8000 	C:\WINDOWS\SYSTEM32\kernel.appcore.dll
0x00007ffa66f60000 - 0x00007ffa66f6a000 	C:\Program Files\Java\jdk-21\bin\jimage.dll
0x00007ffa58610000 - 0x00007ffa58843000 	C:\WINDOWS\SYSTEM32\DBGHELP.DLL
0x00007ffa7d400000 - 0x00007ffa7d788000 	C:\WINDOWS\System32\combase.dll
0x00007ffa7da90000 - 0x00007ffa7db67000 	C:\WINDOWS\System32\OLEAUT32.dll
0x00007ffa585d0000 - 0x00007ffa58602000 	C:\WINDOWS\SYSTEM32\dbgcore.DLL
0x00007ffa7cde0000 - 0x00007ffa7ce59000 	C:\WINDOWS\System32\bcryptPrimitives.dll
0x00007ffa56080000 - 0x00007ffa5609f000 	C:\Program Files\Java\jdk-21\bin\java.dll
0x00007ffa7e330000 - 0x00007ffa7eb8c000 	C:\WINDOWS\System32\SHELL32.dll
0x00007ffa7a3b0000 - 0x00007ffa7aca9000 	C:\WINDOWS\SYSTEM32\windows.storage.dll
0x00007ffa7a270000 - 0x00007ffa7a3ae000 	C:\WINDOWS\SYSTEM32\wintypes.dll
0x00007ffa7de00000 - 0x00007ffa7def3000 	C:\WINDOWS\System32\SHCORE.dll
0x00007ffa7d790000 - 0x00007ffa7d7ee000 	C:\WINDOWS\System32\shlwapi.dll
0x00007ffa7c380000 - 0x00007ffa7c3a1000 	C:\WINDOWS\SYSTEM32\profapi.dll
0x00007ff9fd430000 - 0x00007ff9fd507000 	C:\Program Files\Java\jdk-21\bin\jsvml.dll
0x00007ffa56e20000 - 0x00007ffa56e30000 	C:\Program Files\Java\jdk-21\bin\net.dll
0x00007ffa74cc0000 - 0x00007ffa74df6000 	C:\WINDOWS\SYSTEM32\WINHTTP.dll
0x00007ffa7b900000 - 0x00007ffa7b969000 	C:\WINDOWS\system32\mswsock.dll
0x00007ffa556a0000 - 0x00007ffa556b6000 	C:\Program Files\Java\jdk-21\bin\nio.dll

dbghelp: loaded successfully - version: 4.0.5 - missing functions: none
symbol engine: initialized successfully - sym options: 0x614 - pdb path: .;C:\Program Files\Java\jdk-21\bin;C:\WINDOWS\SYSTEM32;C:\WINDOWS\WinSxS\amd64_microsoft.windows.common-controls_6595b64144ccf1df_6.0.22621.3235_none_270f74e173860f98;C:\Program Files\Java\jdk-21\bin\server

VM Arguments:
jvm_args: -Dapplication.home=C:\Program Files\Java\jdk-21 --add-modules=ALL-DEFAULT -Xms8m -Djdk.module.main=jdk.compiler 
java_command: jdk.compiler/com.sun.tools.javac.Main Player.java
java_class_path (initial): <not set>
Launcher Type: SUN_STANDARD

[Global flags]
     intx CICompilerCount                          = 4                                         {product} {ergonomic}
     uint ConcGCThreads                            = 2                                         {product} {ergonomic}
     uint G1ConcRefinementThreads                  = 8                                         {product} {ergonomic}
   size_t G1HeapRegionSize                         = 1048576                                   {product} {ergonomic}
    uintx GCDrainStackTargetSize                   = 64                                        {product} {ergonomic}
   size_t InitialHeapSize                          = 8388608                                   {product} {command line}
   size_t MarkStackSize                            = 4194304                                   {product} {ergonomic}
   size_t MaxHeapSize                              = 2120220672                                {product} {ergonomic}
   size_t MaxNewSize                               = 1271922688                                {product} {ergonomic}
   size_t MinHeapDeltaBytes                        = 1048576                                   {product} {ergonomic}
   size_t MinHeapSize                              = 8388608                                   {product} {command line}
    uintx NonNMethodCodeHeapSize                   = 5839372                                {pd product} {ergonomic}
    uintx NonProfiledCodeHeapSize                  = 122909434                              {pd product} {ergonomic}
    uintx ProfiledCodeHeapSize                     = 122909434                              {pd product} {ergonomic}
    uintx ReservedCodeCacheSize                    = 251658240                              {pd product} {ergonomic}
     bool SegmentedCodeCache                       = true                                      {product} {ergonomic}
   size_t SoftMaxHeapSize                          = 2120220672                             {manageable} {ergonomic}
     bool UseCompressedOops                        = true                           {product lp64_product} {ergonomic}
     bool UseG1GC                                  = true                                      {product} {ergonomic}
     bool UseLargePagesIndividualAllocation        = false                                  {pd product} {ergonomic}

Logging:
Log output configuration:
 #0: stdout all=warning uptime,level,tags foldmultilines=false
 #1: stderr all=off uptime,level,tags foldmultilines=false

Environment Variables:
PATH=C:\Program Files\Common Files\Oracle\Java\javapath;C:\WINDOWS\system32;C:\WINDOWS;C:\WINDOWS\System32\Wbem;C:\WINDOWS\System32\WindowsPowerShell\v1.0\;C:\WINDOWS\System32\OpenSSH\;C:\ProgramData\ComposerSetup\bin;c:\altera\90sp2\quartus\bin;C:\mingw64\bin;C:\Program Files\Git\cmd;C:\Program Files\Go\bin;C:\Users\irfan\AppData\Roaming\nvm;C:\Program Files\nodejs;C:\Program Files\Java\jdk-21\bin;C:\Program Files\dotnet\;C:\dart-sdk\bin;C:\Users\irfan\flutter\bin;C:\Users\irfan\AppData\Local\Microsoft\WindowsApps;C:\XAMPP\php;C:\Users\irfan\AppData\Roaming\Composer\vendor\bin;C:\Users\irfan\AppData\Local\Programs\Microsoft VS Code\bin;C:\mingw64\bin;C:\Users\irfan\AppData\Roaming\npm;C:\Users\irfan\go\bin;C:\Users\irfan\AppData\Roaming\nvm;C:\Program Files\nodejs;C:\Users\irfan\.dotnet\tools;C:\dart-sdk\bin;C:\Program Files\JetBrains\IntelliJ IDEA Community Edition 2023.3.5\bin;;C:\Users\irfan\flutter\bin;"C:\dart-sdk\flutter\bin"
USERNAME=irfan
OS=Windows_NT
PROCESSOR_IDENTIFIER=Intel64 Family 6 Model 142 Stepping 10, GenuineIntel
TMP=C:\Users\irfan\AppData\Local\Temp
TEMP=C:\Users\irfan\AppData\Local\Temp




Periodic native trim disabled

---------------  S Y S T E M  ---------------

OS:
 Windows 11 , 64 bit Build 22621 (10.0.22621.3374)
OS uptime: 3 days 20:52 hours

CPU: total 8 (initial active 8) (4 cores per cpu, 2 threads per core) family 6 model 142 stepping 10 microcode 0xe0, cx8, cmov, fxsr, ht, mmx, 3dnowpref, sse, sse2, sse3, ssse3, sse4.1, sse4.2, popcnt, lzcnt, tsc, tscinvbit, avx, avx2, aes, erms, clmul, bmi1, bmi2, adx, fma, vzeroupper, clflush, clflushopt, rdtscp, f16c
Processor Information for all 8 processors :
  Max Mhz: 1800, Current Mhz: 1600, Mhz Limit: 1584

Memory: 4k page, system-wide physical 8082M (4M free)
TotalPageFile size 19332M (AvailPageFile size 0M)
current process WorkingSet (physical memory assigned to process): 48M, peak: 48M
current process commit charge ("private bytes"): 92M, peak: 92M

vm_info: Java HotSpot(TM) 64-Bit Server VM (21.0.2+13-LTS-58) for windows-amd64 JRE (21.0.2+13-LTS-58), built on 2024-01-05T18:32:24Z by "mach5one" with MS VC++ 17.1 (VS2022)

END.
